
*************************************************************
 Geant4 version Name: geant4-10-03-patch-03    (20-October-2017)
                      Copyright : Geant4 Collaboration
                      Reference : NIM A 506 (2003), 250-303
                            WWW : http://cern.ch/geant4
*************************************************************



***** Table : Nb of materials = 6 *****

 Material: StainlessSteel    density:  7.930 g/cm3   RadL:   1.755 cm   Nucl.Int.Length:  16.812 cm 
                       Imean: 282.416 eV 

   --->  Element: Carbon (C)   Z =  6.0   N =    12   A = 12.010 g/mole
         --->  Isotope:   C12   Z =  6   N =  12   A =  12.00 g/mole   abundance: 98.930 %
         --->  Isotope:   C13   Z =  6   N =  13   A =  13.00 g/mole   abundance:  1.070 %
          ElmMassFraction:   0.10 %  ElmAbundance   0.46 % 

   --->  Element: Chromium (Cr)   Z = 24.0   N =    52   A = 51.996 g/mole
         --->  Isotope:  Cr50   Z = 24   N =  50   A =  49.95 g/mole   abundance:  4.345 %
         --->  Isotope:  Cr52   Z = 24   N =  52   A =  51.94 g/mole   abundance: 83.789 %
         --->  Isotope:  Cr53   Z = 24   N =  53   A =  52.94 g/mole   abundance:  9.501 %
         --->  Isotope:  Cr54   Z = 24   N =  54   A =  53.94 g/mole   abundance:  2.365 %
          ElmMassFraction:  17.92 %  ElmAbundance  19.01 % 

   --->  Element: Iron (Fe)   Z = 26.0   N =    56   A = 55.850 g/mole
         --->  Isotope:  Fe54   Z = 26   N =  54   A =  53.94 g/mole   abundance:  5.845 %
         --->  Isotope:  Fe56   Z = 26   N =  56   A =  55.93 g/mole   abundance: 91.754 %
         --->  Isotope:  Fe57   Z = 26   N =  57   A =  56.94 g/mole   abundance:  2.119 %
         --->  Isotope:  Fe58   Z = 26   N =  58   A =  57.93 g/mole   abundance:  0.282 %
          ElmMassFraction:  72.98 %  ElmAbundance  72.07 % 

   --->  Element: Niquel (Ni)   Z = 28.0   N =    59   A = 58.693 g/mole
         --->  Isotope:  Ni58   Z = 28   N =  58   A =  57.94 g/mole   abundance: 68.077 %
         --->  Isotope:  Ni60   Z = 28   N =  60   A =  59.93 g/mole   abundance: 26.223 %
         --->  Isotope:  Ni61   Z = 28   N =  61   A =  60.93 g/mole   abundance:  1.140 %
         --->  Isotope:  Ni62   Z = 28   N =  62   A =  61.93 g/mole   abundance:  3.635 %
         --->  Isotope:  Ni64   Z = 28   N =  64   A =  63.93 g/mole   abundance:  0.926 %
          ElmMassFraction:   9.00 %  ElmAbundance   8.46 % 


 Material:      G10    density:  1.700 g/cm3   RadL:  18.497 cm   Nucl.Int.Length:  50.853 cm 
                       Imean:  98.837 eV 

   --->  Element: Silicon (Si)   Z = 14.0   N =    28   A = 28.085 g/mole
         --->  Isotope:  Si28   Z = 14   N =  28   A =  27.98 g/mole   abundance: 92.230 %
         --->  Isotope:  Si29   Z = 14   N =  29   A =  28.98 g/mole   abundance:  4.683 %
         --->  Isotope:  Si30   Z = 14   N =  30   A =  29.97 g/mole   abundance:  3.087 %
          ElmMassFraction:  28.05 %  ElmAbundance  11.83 % 

   --->  Element: Oxygen (O)   Z =  8.0   N =    16   A = 16.000 g/mole
         --->  Isotope:   O16   Z =  8   N =  16   A =  15.99 g/mole   abundance: 99.757 %
         --->  Isotope:   O17   Z =  8   N =  17   A =  17.00 g/mole   abundance:  0.038 %
         --->  Isotope:   O18   Z =  8   N =  18   A =  18.00 g/mole   abundance:  0.205 %
          ElmMassFraction:  39.54 %  ElmAbundance  29.26 % 

   --->  Element: Carbon (C)   Z =  6.0   N =    12   A = 12.010 g/mole
         --->  Isotope:   C12   Z =  6   N =  12   A =  12.00 g/mole   abundance: 98.930 %
         --->  Isotope:   C13   Z =  6   N =  13   A =  13.00 g/mole   abundance:  1.070 %
          ElmMassFraction:  29.90 %  ElmAbundance  29.48 % 

   --->  Element: Hydrogen (H)   Z =  1.0   N =     1   A =  1.010 g/mole
         --->  Isotope:    H1   Z =  1   N =   1   A =   1.01 g/mole   abundance: 99.989 %
         --->  Isotope:    H2   Z =  1   N =   2   A =   2.01 g/mole   abundance:  0.011 %
          ElmMassFraction:   2.51 %  ElmAbundance  29.43 % 


 Material: Aluminium    density:  2.700 g/cm3   RadL:   8.893 cm   Nucl.Int.Length:  38.879 cm 
                       Imean: 166.000 eV 

   --->  Element: Al (Al)   Z = 13.0   N =    27   A = 26.980 g/mole
         --->  Isotope:  Al27   Z = 13   N =  27   A =  26.98 g/mole   abundance: 100.000 %
          ElmMassFraction: 100.00 %  ElmAbundance 100.00 % 


 Material: G4_TEFLON    density:  2.200 g/cm3   RadL:  15.839 cm   Nucl.Int.Length:  40.831 cm 
                       Imean:  99.100 eV 

   --->  Element: C (C)   Z =  6.0   N =    12   A = 12.011 g/mole
         --->  Isotope:   C12   Z =  6   N =  12   A =  12.00 g/mole   abundance: 98.930 %
         --->  Isotope:   C13   Z =  6   N =  13   A =  13.00 g/mole   abundance:  1.070 %
          ElmMassFraction:  24.02 %  ElmAbundance  33.33 % 

   --->  Element: F (F)   Z =  9.0   N =    19   A = 18.998 g/mole
         --->  Isotope:   F19   Z =  9   N =  19   A =  19.00 g/mole   abundance: 100.000 %
          ElmMassFraction:  75.98 %  ElmAbundance  66.67 % 


 Material:   G4_lAr    density:  1.396 g/cm3   RadL:  14.003 cm   Nucl.Int.Length:  85.706 cm 
                       Imean: 188.000 eV 

   --->  Element: Ar (Ar)   Z = 18.0   N =    40   A = 39.948 g/mole
         --->  Isotope:  Ar36   Z = 18   N =  36   A =  35.97 g/mole   abundance:  0.337 %
         --->  Isotope:  Ar38   Z = 18   N =  38   A =  37.96 g/mole   abundance:  0.063 %
         --->  Isotope:  Ar40   Z = 18   N =  40   A =  39.96 g/mole   abundance: 99.600 %
          ElmMassFraction: 100.00 %  ElmAbundance 100.00 % 


 Material:  acrylic    density:  1.180 g/cm3   RadL:  34.368 cm   Nucl.Int.Length:  63.189 cm 
                       Imean:  68.609 eV 

   --->  Element: Carbon (C)   Z =  6.0   N =    12   A = 12.010 g/mole
         --->  Isotope:   C12   Z =  6   N =  12   A =  12.00 g/mole   abundance: 98.930 %
         --->  Isotope:   C13   Z =  6   N =  13   A =  13.00 g/mole   abundance:  1.070 %
          ElmMassFraction:  59.97 %  ElmAbundance  33.33 % 

   --->  Element: Oxygen (O)   Z =  8.0   N =    16   A = 16.000 g/mole
         --->  Isotope:   O16   Z =  8   N =  16   A =  15.99 g/mole   abundance: 99.757 %
         --->  Isotope:   O17   Z =  8   N =  17   A =  17.00 g/mole   abundance:  0.038 %
         --->  Isotope:   O18   Z =  8   N =  18   A =  18.00 g/mole   abundance:  0.205 %
          ElmMassFraction:  31.96 %  ElmAbundance  13.33 % 

   --->  Element: Hydrogen (H)   Z =  1.0   N =     1   A =  1.010 g/mole
         --->  Isotope:    H1   Z =  1   N =   1   A =   1.01 g/mole   abundance: 99.989 %
         --->  Isotope:    H2   Z =  1   N =   2   A =   2.01 g/mole   abundance:  0.011 %
          ElmMassFraction:   8.07 %  ElmAbundance  53.33 % 



Checking overlaps for volume Cryostat ... OK! 
Checking overlaps for volume Cathode ... OK! 
Checking overlaps for volume Anode ... OK! 
Checking overlaps for volume FieldCageWide ... OK! 
Checking overlaps for volume FieldCageWide ... OK! 
Checking overlaps for volume FieldCageWide ... OK! 
Checking overlaps for volume FieldCageWide ... OK! 
Checking overlaps for volume FieldCageWide ... OK! 
Checking overlaps for volume FieldCageWide ... OK! 
Checking overlaps for volume FieldCageWide ... OK! 
Checking overlaps for volume FieldCageWide ... OK! 
Checking overlaps for volume FieldCageWide ... OK! 
Checking overlaps for volume FieldCageWide ... OK! 
Checking overlaps for volume FieldCageWide ... OK! 
Checking overlaps for volume FieldCageWide ... OK! 
Checking overlaps for volume FieldCageWide ... OK! 
Checking overlaps for volume FieldCageWide ... OK! 
Checking overlaps for volume FieldCageWide ... OK! 
Checking overlaps for volume FieldCageWide ... OK! 
Checking overlaps for volume FieldCageWide ... OK! 
Checking overlaps for volume FieldCageWide ... OK! 
Checking overlaps for volume FieldCageWide ... OK! 
Checking overlaps for volume FieldCageWide ... OK! 
Checking overlaps for volume FieldCageWide ... OK! 
Checking overlaps for volume FieldCageWide ... OK! 
Checking overlaps for volume FieldCageWide ... OK! 
Checking overlaps for volume FieldCageWide ... OK! 
Checking overlaps for volume FieldCageWide ... OK! 
Checking overlaps for volume FieldCageWide ... OK! 
Checking overlaps for volume FieldCageWide ... OK! 
Checking overlaps for volume FieldCageWide ... OK! 
Checking overlaps for volume FieldCageWide ... OK! 
Checking overlaps for volume FieldCageWide ... OK! 
Checking overlaps for volume FieldCageWide ... OK! 
Checking overlaps for volume FieldCageWide ... OK! 
Checking overlaps for volume FieldCageWide ... OK! 
Checking overlaps for volume FieldCageWide ... OK! 
Checking overlaps for volume FieldCageWide ... OK! 
Checking overlaps for volume FieldCageWide ... OK! 
Checking overlaps for volume FieldCageWide ... OK! 
Checking overlaps for volume FieldCageWide ... OK! 
Checking overlaps for volume FieldCageWide ... OK! 
Checking overlaps for volume FieldCageWide ... OK! 
Checking overlaps for volume FieldCageWide ... OK! 
Checking overlaps for volume FieldCageWide ... OK! 
Checking overlaps for volume FieldCageWide ... OK! 
Checking overlaps for volume FieldCageWide ... OK! 
Checking overlaps for volume FieldCageWide ... OK! 
Checking overlaps for volume FieldCageWide ... OK! 
Checking overlaps for volume FieldCageWide ... OK! 
Checking overlaps for volume FieldCageWide ... OK! 
Checking overlaps for volume FieldCageWide ... OK! 
Checking overlaps for volume FieldCageWide ... OK! 
Checking overlaps for volume FieldCageWide ... OK! 
Checking overlaps for volume FieldCageWide ... OK! 
Checking overlaps for volume FieldCageWide ... OK! 
Checking overlaps for volume FieldCageWide ... OK! 
Checking overlaps for volume FieldCageWide ... OK! 
Checking overlaps for volume FieldCageWide ... OK! 
Checking overlaps for volume FieldCageWide ... OK! 
Checking overlaps for volume FieldCageWide ... OK! 
Checking overlaps for volume FieldCageWide ... OK! 
Checking overlaps for volume FieldCageWide ... OK! 
Checking overlaps for volume FieldCageWide ... OK! 
Checking overlaps for volume FieldCageWide ... OK! 
Checking overlaps for volume FieldCageWide ... OK! 
Checking overlaps for volume FieldCageWide ... OK! 
Checking overlaps for volume FieldCageWide ... OK! 
Checking overlaps for volume FieldCageWide ... OK! 
Checking overlaps for volume FieldCageWide ... OK! 
Checking overlaps for volume FieldCageWide ... OK! 
Checking overlaps for volume FieldCageWide ... OK! 
Checking overlaps for volume FieldCageWide ... OK! 
Checking overlaps for volume FieldCageWide ... OK! 
Checking overlaps for volume FieldCageWide ... OK! 
Checking overlaps for volume FieldCageWide ... OK! 
Checking overlaps for volume FieldCageWide ... OK! 
Checking overlaps for volume FieldCageWide ... OK! 
Checking overlaps for volume FieldCageWide ... OK! 
Checking overlaps for volume FieldCageWide ... OK! 
Checking overlaps for volume FieldCageWide ... OK! 
Checking overlaps for volume FieldCageWide ... OK! 
Checking overlaps for volume FieldCageWide ... OK! 
Checking overlaps for volume FieldCageWide ... OK! 
Checking overlaps for volume FieldCageWide ... OK! 
Checking overlaps for volume FieldCageSlim ... OK! 
Checking overlaps for volume FieldCageSlim ... OK! 
Checking overlaps for volume FieldCageSlim ... OK! 
Checking overlaps for volume FieldCageSlim ... OK! 
Checking overlaps for volume FieldCageSlim ... OK! 
Checking overlaps for volume FieldCageSlim ... OK! 
Checking overlaps for volume FieldCageSlim ... OK! 
Checking overlaps for volume FieldCageSlim ... OK! 
Checking overlaps for volume FieldCageSlim ... OK! 
Checking overlaps for volume FieldCageSlim ... OK! 
Checking overlaps for volume FieldCageSlim ... OK! 
Checking overlaps for volume FieldCageSlim ... OK! 
Checking overlaps for volume FieldCageSlim ... OK! 
Checking overlaps for volume FieldCageSlim ... OK! 
Checking overlaps for volume FieldCageSlim ... OK! 
Checking overlaps for volume FieldCageSlim ... OK! 
Checking overlaps for volume FieldCageSlim ... OK! 
Checking overlaps for volume FieldCageSlim ... OK! 
Checking overlaps for volume FieldCageSlim ... OK! 
Checking overlaps for volume FieldCageSlim ... OK! 
Checking overlaps for volume FieldCageSlim ... OK! 
Checking overlaps for volume FieldCageSlim ... OK! 
Checking overlaps for volume FieldCageSlim ... OK! 
Checking overlaps for volume FieldCageSlim ... OK! 
Checking overlaps for volume FieldCageSlim ... OK! 
Checking overlaps for volume FieldCageSlim ... OK! 
Checking overlaps for volume FieldCageSlim ... OK! 
Checking overlaps for volume FieldCageSlim ... OK! 
Checking overlaps for volume FieldCageSlim ... OK! 
Checking overlaps for volume FieldCageSlim ... OK! 
Checking overlaps for volume FieldCageSlim ... OK! 
Checking overlaps for volume FieldCageSlim ... OK! 
Checking overlaps for volume FieldCageSlim ... OK! 
Checking overlaps for volume FieldCageSlim ... OK! 
Checking overlaps for volume FieldCageSlim ... OK! 
Checking overlaps for volume FieldCageSlim ... OK! 
Checking overlaps for volume FieldCageSlim ... OK! 
Checking overlaps for volume FieldCageSlim ... OK! 
Checking overlaps for volume FieldCageSlim ... OK! 
Checking overlaps for volume FieldCageSlim ... OK! 
Checking overlaps for volume FieldCageSlim ... OK! 
Checking overlaps for volume FieldCageSlim ... OK! 
Checking overlaps for volume FieldCageSlim ... OK! 
Checking overlaps for volume FieldCageSlim ... OK! 
Checking overlaps for volume FieldCageSlim ... OK! 
Checking overlaps for volume FieldCageSlim ... OK! 
Checking overlaps for volume FieldCageSlim ... OK! 
Checking overlaps for volume FieldCageSlim ... OK! 
Checking overlaps for volume FieldCageSlim ... OK! 
Checking overlaps for volume FieldCageSlim ... OK! 
Checking overlaps for volume FieldCageSlim ... OK! 
Checking overlaps for volume FieldCageSlim ... OK! 
Checking overlaps for volume FieldCageSlim ... OK! 
Checking overlaps for volume FieldCageSlim ... OK! 
Checking overlaps for volume FieldCageSlim ... OK! 
Checking overlaps for volume FieldCageSlim ... OK! 
Checking overlaps for volume FieldCageSlim ... OK! 
Checking overlaps for volume FieldCageSlim ... OK! 
Checking overlaps for volume FieldCageSlim ... OK! 
Checking overlaps for volume FieldCageSlim ... OK! 
Checking overlaps for volume FieldCageSlim ... OK! 
Checking overlaps for volume FieldCageSlim ... OK! 
Checking overlaps for volume FieldCageSlim ... OK! 
Checking overlaps for volume FieldCageSlim ... OK! 
Checking overlaps for volume FieldCageSlim ... OK! 
Checking overlaps for volume FieldCageSlim ... OK! 
Checking overlaps for volume FieldCageSlim ... OK! 
Checking overlaps for volume FieldCageSlim ... OK! 
Checking overlaps for volume FieldCageSlim ... OK! 
Checking overlaps for volume FieldCageSlim ... OK! 
Checking overlaps for volume FieldCageSlim ... OK! 
Checking overlaps for volume FieldCageSlim ... OK! 
Checking overlaps for volume FieldCageSlim ... OK! 
Checking overlaps for volume FieldCageSlim ... OK! 
Checking overlaps for volume FieldCageSlim ... OK! 
Checking overlaps for volume FieldCageSlim ... OK! 
Checking overlaps for volume FieldCageSlim ... OK! 
Checking overlaps for volume FieldCageSlim ... OK! 
Checking overlaps for volume FieldCageSlim ... OK! 
Checking overlaps for volume FieldCageSlim ... OK! 
Checking overlaps for volume FieldCageSlim ... OK! 
Checking overlaps for volume FieldCageSlim ... OK! 
Checking overlaps for volume FieldCageSlim ... OK! 
Checking overlaps for volume FieldCageSlim ... OK! 
Checking overlaps for volume FieldCageSlim ... OK! 
Checking overlaps for volume FieldCageSlim ... OK! 
Checking overlaps for volume FieldCageSlim ... OK! 
Checking overlaps for volume FieldCageSlim ... OK! 
Checking overlaps for volume FieldCageSlim ... OK! 
Checking overlaps for volume FieldCageSlim ... OK! 
Checking overlaps for volume FieldCageSlim ... OK! 
Checking overlaps for volume FieldCageSlim ... OK! 
Checking overlaps for volume FieldCageSlim ... OK! 
Checking overlaps for volume FieldCageSlim ... OK! 
Checking overlaps for volume FieldCageSlim ... OK! 
Checking overlaps for volume FieldCageSlim ... OK! 
Checking overlaps for volume FieldCageSlim ... OK! 
Checking overlaps for volume FieldCageSlim ... OK! 
Checking overlaps for volume FieldCageSlim ... OK! 
Checking overlaps for volume FieldCageSlim ... OK! 
Checking overlaps for volume FieldCageSlim ... OK! 
Checking overlaps for volume FieldCageSlim ... OK! 
Checking overlaps for volume FieldCageSlim ... OK! 
Checking overlaps for volume FieldCageSlim ... OK! 
Checking overlaps for volume FieldCageSlim ... OK! 
Checking overlaps for volume FieldCageSlim ... OK! 
Checking overlaps for volume FieldCageSlim ... OK! 
Checking overlaps for volume FieldCageSlim ... OK! 
Checking overlaps for volume FieldCageSlim ... OK! 
Checking overlaps for volume FieldCageSlim ... OK! 
Checking overlaps for volume FieldCageSlim ... OK! 
Checking overlaps for volume FieldCageSlim ... OK! 
Checking overlaps for volume FieldCageSlim ... OK! 
Checking overlaps for volume FieldCageSlim ... OK! 
Checking overlaps for volume FieldCageSlim ... OK! 
Checking overlaps for volume FieldCageSlim ... OK! 
Checking overlaps for volume FieldCageSlim ... OK! 
Checking overlaps for volume FieldCageSlim ... OK! 
Checking overlaps for volume FieldCageSlim ... OK! 
Checking overlaps for volume FieldCageSlim ... OK! 
Checking overlaps for volume FieldCageSlim ... OK! 
Checking overlaps for volume FieldCageSlim ... OK! 
Checking overlaps for volume FieldCageSlim ... OK! 
Checking overlaps for volume FieldCageSlim ... OK! 
Checking overlaps for volume FieldCageSlim ... OK! 
Checking overlaps for volume FieldCageSlim ... OK! 
Checking overlaps for volume FieldCageSlim ... OK! 
Checking overlaps for volume FieldCageSlim ... OK! 
Checking overlaps for volume FieldCageSlim ... OK! 
Checking overlaps for volume FieldCageSlim ... OK! 
Checking overlaps for volume FieldCageSlim ... OK! 
Checking overlaps for volume FieldCageSlim ... OK! 
Checking overlaps for volume FieldCageShort ... OK! 
Checking overlaps for volume FieldCageShort ... OK! 
Checking overlaps for volume FieldCageShort ... OK! 
Checking overlaps for volume FieldCageShort ... OK! 
Checking overlaps for volume FieldCageShort ... OK! 
Checking overlaps for volume FieldCageShort ... OK! 
Checking overlaps for volume FieldCageShort ... OK! 
Checking overlaps for volume FieldCageShort ... OK! 
Checking overlaps for volume FieldCageShort ... OK! 
Checking overlaps for volume FieldCageShort ... OK! 
Checking overlaps for volume FieldCageShort ... OK! 
Checking overlaps for volume FieldCageShort ... OK! 
Checking overlaps for volume FieldCageShort ... OK! 
Checking overlaps for volume FieldCageShort ... OK! 
Checking overlaps for volume FieldCageShort ... OK! 
Checking overlaps for volume FieldCageShort ... OK! 
Checking overlaps for volume FieldCageShort ... OK! 
Checking overlaps for volume FieldCageShort ... OK! 
Checking overlaps for volume FieldCageShort ... OK! 
Checking overlaps for volume FieldCageShort ... OK! 
Checking overlaps for volume FieldCageShort ... OK! 
Checking overlaps for volume FieldCageShort ... OK! 
Checking overlaps for volume FieldCageShort ... OK! 
Checking overlaps for volume FieldCageShort ... OK! 
Checking overlaps for volume FieldCageShort ... OK! 
Checking overlaps for volume FieldCageShort ... OK! 
Checking overlaps for volume FieldCageShort ... OK! 
Checking overlaps for volume FieldCageShort ... OK! 
Checking overlaps for volume FieldCageShort ... OK! 
Checking overlaps for volume FieldCageShort ... OK! 
Checking overlaps for volume FieldCageShort ... OK! 
Checking overlaps for volume FieldCageShort ... OK! 
Checking overlaps for volume FieldCageShort ... OK! 
Checking overlaps for volume FieldCageShort ... OK! 
Checking overlaps for volume FieldCageShort ... OK! 
Checking overlaps for volume FieldCageShort ... OK! 
Checking overlaps for volume FieldCageShort ... OK! 
Checking overlaps for volume FieldCageShort ... OK! 
Checking overlaps for volume FieldCageShort ... OK! 
Checking overlaps for volume FieldCageShort ... OK! 
Checking overlaps for volume FieldCageShort ... OK! 
Checking overlaps for volume FieldCageShort ... OK! 
Checking overlaps for volume FieldCageShort ... OK! 
Checking overlaps for volume FieldCageShort ... OK! 
Checking overlaps for volume FieldCageShort ... OK! 
Checking overlaps for volume FieldCageShort ... OK! 
Checking overlaps for volume FieldCageShort ... OK! 
Checking overlaps for volume FieldCageShort ... OK! 
Checking overlaps for volume FieldCageShort ... OK! 
Checking overlaps for volume FieldCageShort ... OK! 
Checking overlaps for volume FieldCageShort ... OK! 
Checking overlaps for volume FieldCageShort ... OK! 
Checking overlaps for volume FieldCageShort ... OK! 
Checking overlaps for volume FieldCageShort ... OK! 
Checking overlaps for volume FieldCageShort ... OK! 
Checking overlaps for volume FieldCageShort ... OK! 
Checking overlaps for volume FieldCageShort ... OK! 
Checking overlaps for volume FieldCageShort ... OK! 
Checking overlaps for volume FieldCageShort ... OK! 
Checking overlaps for volume FieldCageShort ... OK! 
Checking overlaps for volume FieldCageShort ... OK! 
Checking overlaps for volume FieldCageShort ... OK! 
Checking overlaps for volume FieldCageShort ... OK! 
Checking overlaps for volume FieldCageShort ... OK! 
Checking overlaps for volume FieldCageShort ... OK! 
Checking overlaps for volume FieldCageShort ... OK! 
Checking overlaps for volume FieldCageShort ... OK! 
Checking overlaps for volume FieldCageShort ... OK! 
Checking overlaps for volume FieldCageShort ... OK! 
Checking overlaps for volume FieldCageShort ... OK! 
Checking overlaps for volume FieldCageShort ... OK! 
Checking overlaps for volume FieldCageShort ... OK! 
Checking overlaps for volume FieldCageShort ... OK! 
Checking overlaps for volume FieldCageShort ... OK! 
Checking overlaps for volume FieldCageShort ... OK! 
Checking overlaps for volume FieldCageShort ... OK! 
Checking overlaps for volume FieldCageShort ... OK! 
Checking overlaps for volume FieldCageShort ... OK! 
Checking overlaps for volume FieldCageShort ... OK! 
Checking overlaps for volume FieldCageShort ... OK! 
Checking overlaps for volume FieldCageShort ... OK! 
Checking overlaps for volume FieldCageShort ... OK! 
Checking overlaps for volume FieldCageShort ... OK! 
Checking overlaps for volume FieldCageShort ... OK! 
Checking overlaps for volume FieldCageShort ... OK! 
Checking overlaps for volume FieldCageShort ... OK! 
Checking overlaps for volume FieldCageShort ... OK! 
Checking overlaps for volume FieldCageShort ... OK! 
Checking overlaps for volume FieldCageShort ... OK! 
Checking overlaps for volume FieldCageShort ... OK! 
Checking overlaps for volume FieldCageShort ... OK! 
Checking overlaps for volume FieldCageShort ... OK! 
Checking overlaps for volume FieldCageShort ... OK! 
Checking overlaps for volume FieldCageShort ... OK! 
Checking overlaps for volume FieldCageShort ... OK! 
Checking overlaps for volume FieldCageShort ... OK! 
Checking overlaps for volume FieldCageShort ... OK! 
Checking overlaps for volume FieldCageShort ... OK! 
Checking overlaps for volume FieldCageShort ... OK! 
Checking overlaps for volume FieldCageShort ... OK! 
Checking overlaps for volume FieldCageShort ... OK! 
Checking overlaps for volume FieldCageShort ... OK! 
Checking overlaps for volume FieldCageShort ... OK! 
Checking overlaps for volume FieldCageShort ... OK! 
Checking overlaps for volume FieldCageShort ... OK! 
Checking overlaps for volume FieldCageShort ... OK! 
Checking overlaps for volume FieldCageShort ... OK! 
Checking overlaps for volume FieldCageShort ... OK! 
Checking overlaps for volume FieldCageShort ... OK! 
Checking overlaps for volume FieldCageShort ... OK! 
Checking overlaps for volume FieldCageShort ... OK! 
Checking overlaps for volume FieldCageShort ... OK! 
Checking overlaps for volume FieldCageShort ... OK! 
Checking overlaps for volume FieldCageShort ... OK! 
Checking overlaps for volume FieldCageShort ... OK! 
Checking overlaps for volume FieldCageShort ... OK! 
Checking overlaps for volume FieldCageShort ... OK! 
Checking overlaps for volume FieldCageShort ... OK! 
Checking overlaps for volume FieldCageShort ... OK! 
Checking overlaps for volume FieldCageShort ... OK! 
Checking overlaps for volume FieldCageShort ... OK! 
Checking overlaps for volume FieldCageShort ... OK! 
Checking overlaps for volume FieldCageShort ... OK! 
Checking overlaps for volume FieldCageShort ... OK! 
Checking overlaps for volume FieldCageShort ... OK! 
Checking overlaps for volume FieldCageShort ... OK! 
Checking overlaps for volume FieldCageShort ... OK! 
Checking overlaps for volume FieldCageShort ... OK! 
Checking overlaps for volume FieldCageShort ... OK! 
Checking overlaps for volume FieldCageShort ... OK! 
Checking overlaps for volume FieldCageShort ... OK! 
Checking overlaps for volume FieldCageShort ... OK! 
Checking overlaps for volume FieldCageShort ... OK! 
Checking overlaps for volume FieldCageShort ... OK! 
Checking overlaps for volume FieldCageShort ... OK! 
Checking overlaps for volume FieldCageShort ... OK! 
Checking overlaps for volume FieldCageShort ... OK! 
Checking overlaps for volume FieldCageShort ... OK! 
Checking overlaps for volume FieldCageShort ... OK! 
Checking overlaps for volume FieldCageShort ... OK! 
Checking overlaps for volume FieldCageShort ... OK! 
Checking overlaps for volume FieldCageShort ... OK! 
Checking overlaps for volume FieldCageShort ... OK! 
Checking overlaps for volume FieldCageShort ... OK! 
Checking overlaps for volume FieldCageShort ... OK! 
Checking overlaps for volume FieldCageShort ... OK! 
Checking overlaps for volume FieldCageShort ... OK! 
Checking overlaps for volume FieldCageShort ... OK! 
Checking overlaps for volume FieldCageShort ... OK! 
Checking overlaps for volume FieldCageShort ... OK! 
Checking overlaps for volume FieldCageShort ... OK! 
Checking overlaps for volume FieldCageShort ... OK! 
Checking overlaps for volume FieldCageShort ... OK! 
Checking overlaps for volume FieldCageShort ... OK! 
Checking overlaps for volume FieldCageShort ... OK! 
Checking overlaps for volume FieldCageShort ... OK! 
Checking overlaps for volume FieldCageShort ... OK! 
Checking overlaps for volume FieldCageShort ... OK! 
Checking overlaps for volume FieldCageShort ... OK! 
Checking overlaps for volume FieldCageShort ... OK! 
Checking overlaps for volume FieldCageShort ... OK! 
Checking overlaps for volume FieldCageShort ... OK! 
Checking overlaps for volume FieldCageShort ... OK! 
Checking overlaps for volume FieldCageShort ... OK! 
Checking overlaps for volume FieldCageShort ... OK! 
Checking overlaps for volume FieldCageShort ... OK! 
Checking overlaps for volume FieldCageShort ... OK! 
Checking overlaps for volume FieldCageShort ... OK! 
Checking overlaps for volume FieldCageShort ... OK! 
Checking overlaps for volume FieldCageShort ... OK! 
Checking overlaps for volume FieldCageShort ... OK! 
Checking overlaps for volume FieldCageShort ... OK! 
Checking overlaps for volume FieldCageShort ... OK! 
Checking overlaps for volume FieldCageShort ... OK! 
Checking overlaps for volume FieldCageShort ... OK! 
Checking overlaps for volume FieldCageShort ... OK! 
Checking overlaps for volume FieldCageShort ... OK! 
Checking overlaps for volume FieldCageShort ... OK! 
Checking overlaps for volume FieldCageShort ... OK! 
Checking overlaps for volume FieldCageShort ... OK! 
Checking overlaps for volume FieldCageShort ... OK! 
Checking overlaps for volume FieldCageShort ... OK! 
Checking overlaps for volume FieldCageShort ... OK! 
Checking overlaps for volume FieldCageShort ... OK! 
Checking overlaps for volume FieldCageShort ... OK! 
Checking overlaps for volume FieldCageShort ... OK! 
Checking overlaps for volume FieldCageShort ... OK! 
Checking overlaps for volume FieldCageShort ... OK! 
Checking overlaps for volume FieldCageShort ... OK! 
Checking overlaps for volume FieldCageShort ... OK! 
Checking overlaps for volume FieldCageShort ... OK! 
Checking overlaps for volume FieldCageShort ... OK! 
Checking overlaps for volume FieldCageShort ... OK! 
Checking overlaps for volume FieldCageShort ... OK! 
Checking overlaps for volume FieldCageShort ... OK! 
Checking overlaps for volume FieldCageShort ... OK! 
Checking overlaps for volume FieldCageShort ... OK! 
Checking overlaps for volume FieldCageShort ... OK! 
Checking overlaps for volume FieldCageShort ... OK! 
Checking overlaps for volume FieldCageShort ... OK! 
Checking overlaps for volume FieldCageShort ... OK! 
Checking overlaps for volume FieldCageShort ... OK! 
Checking overlaps for volume FieldCageShort ... OK! 
Checking overlaps for volume FieldCageShort ... OK! 
Checking overlaps for volume FieldCageShort ... OK! 
Checking overlaps for volume FieldCageShort ... OK! 
Checking overlaps for volume FieldCageShort ... OK! 
Checking overlaps for volume FieldCageShort ... OK! 
Checking overlaps for volume FieldCageShort ... OK! 
Checking overlaps for volume FieldCageShort ... OK! 
Checking overlaps for volume FieldCageShort ... OK! 
Checking overlaps for volume FieldCageShort ... OK! 
Checking overlaps for volume FieldCageShort ... OK! 
Checking overlaps for volume ArapucaWindowLat11 ... OK! 
Checking overlaps for volume ArapucaWindowLlat11 ... OK! 
Checking overlaps for volume ArapucaWindowLat12 ... OK! 
Checking overlaps for volume ArapucaWindowLlat12 ... OK! 
Checking overlaps for volume ArapucaWindowLat13 ... OK! 
Checking overlaps for volume ArapucaWindowLlat13 ... OK! 
Checking overlaps for volume ArapucaWindowLat14 ... OK! 
Checking overlaps for volume ArapucaWindowLlat14 ... OK! 
Checking overlaps for volume ArapucaWindowLat15 ... OK! 
Checking overlaps for volume ArapucaWindowLlat15 ... OK! 
Checking overlaps for volume ArapucaWindowLat16 ... OK! 
Checking overlaps for volume ArapucaWindowLlat16 ... OK! 
Checking overlaps for volume ArapucaWindowLat17 ... OK! 
Checking overlaps for volume ArapucaWindowLlat17 ... OK! 
Checking overlaps for volume ArapucaWindowLat18 ... OK! 
Checking overlaps for volume ArapucaWindowLlat18 ... OK! 
Checking overlaps for volume ArapucaWindowLat19 ... OK! 
Checking overlaps for volume ArapucaWindowLlat19 ... OK! 
Checking overlaps for volume ArapucaWindowLat110 ... OK! 
Checking overlaps for volume ArapucaWindowLlat110 ... OK! 
Checking overlaps for volume ArapucaWindowLat111 ... OK! 
Checking overlaps for volume ArapucaWindowLlat111 ... OK! 
Checking overlaps for volume ArapucaWindowLat112 ... OK! 
Checking overlaps for volume ArapucaWindowLlat112 ... OK! 
Checking overlaps for volume ArapucaWindowLat113 ... OK! 
Checking overlaps for volume ArapucaWindowLlat113 ... OK! 
Checking overlaps for volume ArapucaWindowLat114 ... OK! 
Checking overlaps for volume ArapucaWindowLlat114 ... OK! 
Checking overlaps for volume ArapucaWindowLat115 ... OK! 
Checking overlaps for volume ArapucaWindowLlat115 ... OK! 
Checking overlaps for volume ArapucaWindowLat116 ... OK! 
Checking overlaps for volume ArapucaWindowLlat116 ... OK! 
Checking overlaps for volume ArapucaWindowLat117 ... OK! 
Checking overlaps for volume ArapucaWindowLlat117 ... OK! 
Checking overlaps for volume ArapucaWindowLat118 ... OK! 
Checking overlaps for volume ArapucaWindowLlat118 ... OK! 
Checking overlaps for volume ArapucaWindowLat119 ... OK! 
Checking overlaps for volume ArapucaWindowLlat119 ... OK! 
Checking overlaps for volume ArapucaWindowLat120 ... OK! 
Checking overlaps for volume ArapucaWindowLlat120 ... OK! 
Checking overlaps for volume ArapucaWindowLat21 ... OK! 
Checking overlaps for volume ArapucaWindowLlat21 ... OK! 
Checking overlaps for volume ArapucaWindowLat22 ... OK! 
Checking overlaps for volume ArapucaWindowLlat22 ... OK! 
Checking overlaps for volume ArapucaWindowLat23 ... OK! 
Checking overlaps for volume ArapucaWindowLlat23 ... OK! 
Checking overlaps for volume ArapucaWindowLat24 ... OK! 
Checking overlaps for volume ArapucaWindowLlat24 ... OK! 
Checking overlaps for volume ArapucaWindowLat25 ... OK! 
Checking overlaps for volume ArapucaWindowLlat25 ... OK! 
Checking overlaps for volume ArapucaWindowLat26 ... OK! 
Checking overlaps for volume ArapucaWindowLlat26 ... OK! 
Checking overlaps for volume ArapucaWindowLat27 ... OK! 
Checking overlaps for volume ArapucaWindowLlat27 ... OK! 
Checking overlaps for volume ArapucaWindowLat28 ... OK! 
Checking overlaps for volume ArapucaWindowLlat28 ... OK! 
Checking overlaps for volume ArapucaWindowLat29 ... OK! 
Checking overlaps for volume ArapucaWindowLlat29 ... OK! 
Checking overlaps for volume ArapucaWindowLat210 ... OK! 
Checking overlaps for volume ArapucaWindowLlat210 ... OK! 
Checking overlaps for volume ArapucaWindowLat211 ... OK! 
Checking overlaps for volume ArapucaWindowLlat211 ... OK! 
Checking overlaps for volume ArapucaWindowLat212 ... OK! 
Checking overlaps for volume ArapucaWindowLlat212 ... OK! 
Checking overlaps for volume ArapucaWindowLat213 ... OK! 
Checking overlaps for volume ArapucaWindowLlat213 ... OK! 
Checking overlaps for volume ArapucaWindowLat214 ... OK! 
Checking overlaps for volume ArapucaWindowLlat214 ... OK! 
Checking overlaps for volume ArapucaWindowLat215 ... OK! 
Checking overlaps for volume ArapucaWindowLlat215 ... OK! 
Checking overlaps for volume ArapucaWindowLat216 ... OK! 
Checking overlaps for volume ArapucaWindowLlat216 ... OK! 
Checking overlaps for volume ArapucaWindowLat217 ... OK! 
Checking overlaps for volume ArapucaWindowLlat217 ... OK! 
Checking overlaps for volume ArapucaWindowLat218 ... OK! 
Checking overlaps for volume ArapucaWindowLlat218 ... OK! 
Checking overlaps for volume ArapucaWindowLat219 ... OK! 
Checking overlaps for volume ArapucaWindowLlat219 ... OK! 
Checking overlaps for volume ArapucaWindowLat220 ... OK! 
Checking overlaps for volume ArapucaWindowLlat220 ... OK! 
Checking overlaps for volume ArapucaWindowLat31 ... OK! 
Checking overlaps for volume ArapucaWindowLlat31 ... OK! 
Checking overlaps for volume ArapucaWindowLat32 ... OK! 
Checking overlaps for volume ArapucaWindowLlat32 ... OK! 
Checking overlaps for volume ArapucaWindowLat33 ... OK! 
Checking overlaps for volume ArapucaWindowLlat33 ... OK! 
Checking overlaps for volume ArapucaWindowLat34 ... OK! 
Checking overlaps for volume ArapucaWindowLlat34 ... OK! 
Checking overlaps for volume ArapucaWindowLat35 ... OK! 
Checking overlaps for volume ArapucaWindowLlat35 ... OK! 
Checking overlaps for volume ArapucaWindowLat36 ... OK! 
Checking overlaps for volume ArapucaWindowLlat36 ... OK! 
Checking overlaps for volume ArapucaWindowLat37 ... OK! 
Checking overlaps for volume ArapucaWindowLlat37 ... OK! 
Checking overlaps for volume ArapucaWindowLat38 ... OK! 
Checking overlaps for volume ArapucaWindowLlat38 ... OK! 
Checking overlaps for volume ArapucaWindowLat39 ... OK! 
Checking overlaps for volume ArapucaWindowLlat39 ... OK! 
Checking overlaps for volume ArapucaWindowLat310 ... OK! 
Checking overlaps for volume ArapucaWindowLlat310 ... OK! 
Checking overlaps for volume ArapucaWindowLat311 ... OK! 
Checking overlaps for volume ArapucaWindowLlat311 ... OK! 
Checking overlaps for volume ArapucaWindowLat312 ... OK! 
Checking overlaps for volume ArapucaWindowLlat312 ... OK! 
Checking overlaps for volume ArapucaWindowLat313 ... OK! 
Checking overlaps for volume ArapucaWindowLlat313 ... OK! 
Checking overlaps for volume ArapucaWindowLat314 ... OK! 
Checking overlaps for volume ArapucaWindowLlat314 ... OK! 
Checking overlaps for volume ArapucaWindowLat315 ... OK! 
Checking overlaps for volume ArapucaWindowLlat315 ... OK! 
Checking overlaps for volume ArapucaWindowLat316 ... OK! 
Checking overlaps for volume ArapucaWindowLlat316 ... OK! 
Checking overlaps for volume ArapucaWindowLat317 ... OK! 
Checking overlaps for volume ArapucaWindowLlat317 ... OK! 
Checking overlaps for volume ArapucaWindowLat318 ... OK! 
Checking overlaps for volume ArapucaWindowLlat318 ... OK! 
Checking overlaps for volume ArapucaWindowLat319 ... OK! 
Checking overlaps for volume ArapucaWindowLlat319 ... OK! 
Checking overlaps for volume ArapucaWindowLat320 ... OK! 
Checking overlaps for volume ArapucaWindowLlat320 ... OK! 
Checking overlaps for volume ArapucaWindowLat41 ... OK! 
Checking overlaps for volume ArapucaWindowLlat41 ... OK! 
Checking overlaps for volume ArapucaWindowLat42 ... OK! 
Checking overlaps for volume ArapucaWindowLlat42 ... OK! 
Checking overlaps for volume ArapucaWindowLat43 ... OK! 
Checking overlaps for volume ArapucaWindowLlat43 ... OK! 
Checking overlaps for volume ArapucaWindowLat44 ... OK! 
Checking overlaps for volume ArapucaWindowLlat44 ... OK! 
Checking overlaps for volume ArapucaWindowLat45 ... OK! 
Checking overlaps for volume ArapucaWindowLlat45 ... OK! 
Checking overlaps for volume ArapucaWindowLat46 ... OK! 
Checking overlaps for volume ArapucaWindowLlat46 ... OK! 
Checking overlaps for volume ArapucaWindowLat47 ... OK! 
Checking overlaps for volume ArapucaWindowLlat47 ... OK! 
Checking overlaps for volume ArapucaWindowLat48 ... OK! 
Checking overlaps for volume ArapucaWindowLlat48 ... OK! 
Checking overlaps for volume ArapucaWindowLat49 ... OK! 
Checking overlaps for volume ArapucaWindowLlat49 ... OK! 
Checking overlaps for volume ArapucaWindowLat410 ... OK! 
Checking overlaps for volume ArapucaWindowLlat410 ... OK! 
Checking overlaps for volume ArapucaWindowLat411 ... OK! 
Checking overlaps for volume ArapucaWindowLlat411 ... OK! 
Checking overlaps for volume ArapucaWindowLat412 ... OK! 
Checking overlaps for volume ArapucaWindowLlat412 ... OK! 
Checking overlaps for volume ArapucaWindowLat413 ... OK! 
Checking overlaps for volume ArapucaWindowLlat413 ... OK! 
Checking overlaps for volume ArapucaWindowLat414 ... OK! 
Checking overlaps for volume ArapucaWindowLlat414 ... OK! 
Checking overlaps for volume ArapucaWindowLat415 ... OK! 
Checking overlaps for volume ArapucaWindowLlat415 ... OK! 
Checking overlaps for volume ArapucaWindowLat416 ... OK! 
Checking overlaps for volume ArapucaWindowLlat416 ... OK! 
Checking overlaps for volume ArapucaWindowLat417 ... OK! 
Checking overlaps for volume ArapucaWindowLlat417 ... OK! 
Checking overlaps for volume ArapucaWindowLat418 ... OK! 
Checking overlaps for volume ArapucaWindowLlat418 ... OK! 
Checking overlaps for volume ArapucaWindowLat419 ... OK! 
Checking overlaps for volume ArapucaWindowLlat419 ... OK! 
Checking overlaps for volume ArapucaWindowLat420 ... OK! 
Checking overlaps for volume ArapucaWindowLlat420 ... OK! 
Checking overlaps for volume ArapucaWindowBot11 ... OK! 
Checking overlaps for volume ArapucaWindowBot12 ... OK! 
Checking overlaps for volume ArapucaWindowBot13 ... OK! 
Checking overlaps for volume ArapucaWindowBot14 ... OK! 
Checking overlaps for volume ArapucaWindowBot15 ... OK! 
Checking overlaps for volume ArapucaWindowBot16 ... OK! 
Checking overlaps for volume ArapucaWindowBot17 ... OK! 
Checking overlaps for volume ArapucaWindowBot18 ... OK! 
Checking overlaps for volume ArapucaWindowBot21 ... OK! 
Checking overlaps for volume ArapucaWindowBot22 ... OK! 
Checking overlaps for volume ArapucaWindowBot23 ... OK! 
Checking overlaps for volume ArapucaWindowBot24 ... OK! 
Checking overlaps for volume ArapucaWindowBot25 ... OK! 
Checking overlaps for volume ArapucaWindowBot26 ... OK! 
Checking overlaps for volume ArapucaWindowBot27 ... OK! 
Checking overlaps for volume ArapucaWindowBot28 ... OK! 
Checking overlaps for volume ArapucaWindowBot31 ... OK! 
Checking overlaps for volume ArapucaWindowBot32 ... OK! 
Checking overlaps for volume ArapucaWindowBot33 ... OK! 
Checking overlaps for volume ArapucaWindowBot34 ... OK! 
Checking overlaps for volume ArapucaWindowBot35 ... OK! 
Checking overlaps for volume ArapucaWindowBot36 ... OK! 
Checking overlaps for volume ArapucaWindowBot37 ... OK! 
Checking overlaps for volume ArapucaWindowBot38 ... OK! 
Checking overlaps for volume ArapucaWindowBot41 ... OK! 
Checking overlaps for volume ArapucaWindowBot42 ... OK! 
Checking overlaps for volume ArapucaWindowBot43 ... OK! 
Checking overlaps for volume ArapucaWindowBot44 ... OK! 
Checking overlaps for volume ArapucaWindowBot45 ... OK! 
Checking overlaps for volume ArapucaWindowBot46 ... OK! 
Checking overlaps for volume ArapucaWindowBot47 ... OK! 
Checking overlaps for volume ArapucaWindowBot48 ... OK! 
Checking overlaps for volume ArapucaWindowBot51 ... OK! 
Checking overlaps for volume ArapucaWindowBot52 ... OK! 
Checking overlaps for volume ArapucaWindowBot53 ... OK! 
Checking overlaps for volume ArapucaWindowBot54 ... OK! 
Checking overlaps for volume ArapucaWindowBot55 ... OK! 
Checking overlaps for volume ArapucaWindowBot56 ... OK! 
Checking overlaps for volume ArapucaWindowBot57 ... OK! 
Checking overlaps for volume ArapucaWindowBot58 ... OK! 
Checking overlaps for volume ArapucaWindowBot61 ... OK! 
Checking overlaps for volume ArapucaWindowBot62 ... OK! 
Checking overlaps for volume ArapucaWindowBot63 ... OK! 
Checking overlaps for volume ArapucaWindowBot64 ... OK! 
Checking overlaps for volume ArapucaWindowBot65 ... OK! 
Checking overlaps for volume ArapucaWindowBot66 ... OK! 
Checking overlaps for volume ArapucaWindowBot67 ... OK! 
Checking overlaps for volume ArapucaWindowBot68 ... OK! 
Checking overlaps for volume ArapucaWindowBot71 ... OK! 
Checking overlaps for volume ArapucaWindowBot72 ... OK! 
Checking overlaps for volume ArapucaWindowBot73 ... OK! 
Checking overlaps for volume ArapucaWindowBot74 ... OK! 
Checking overlaps for volume ArapucaWindowBot75 ... OK! 
Checking overlaps for volume ArapucaWindowBot76 ... OK! 
Checking overlaps for volume ArapucaWindowBot77 ... OK! 
Checking overlaps for volume ArapucaWindowBot78 ... OK! 
Checking overlaps for volume ArapucaWindowBot81 ... OK! 
Checking overlaps for volume ArapucaWindowBot82 ... OK! 
Checking overlaps for volume ArapucaWindowBot83 ... OK! 
Checking overlaps for volume ArapucaWindowBot84 ... OK! 
Checking overlaps for volume ArapucaWindowBot85 ... OK! 
Checking overlaps for volume ArapucaWindowBot86 ... OK! 
Checking overlaps for volume ArapucaWindowBot87 ... OK! 
Checking overlaps for volume ArapucaWindowBot88 ... OK! 
Checking overlaps for volume ArapucaWindowBot91 ... OK! 
Checking overlaps for volume ArapucaWindowBot92 ... OK! 
Checking overlaps for volume ArapucaWindowBot93 ... OK! 
Checking overlaps for volume ArapucaWindowBot94 ... OK! 
Checking overlaps for volume ArapucaWindowBot95 ... OK! 
Checking overlaps for volume ArapucaWindowBot96 ... OK! 
Checking overlaps for volume ArapucaWindowBot97 ... OK! 
Checking overlaps for volume ArapucaWindowBot98 ... OK! 
Checking overlaps for volume ArapucaWindowBot101 ... OK! 
Checking overlaps for volume ArapucaWindowBot102 ... OK! 
Checking overlaps for volume ArapucaWindowBot103 ... OK! 
Checking overlaps for volume ArapucaWindowBot104 ... OK! 
Checking overlaps for volume ArapucaWindowBot105 ... OK! 
Checking overlaps for volume ArapucaWindowBot106 ... OK! 
Checking overlaps for volume ArapucaWindowBot107 ... OK! 
Checking overlaps for volume ArapucaWindowBot108 ... OK! 
Checking overlaps for volume ArapucaWindowBot111 ... OK! 
Checking overlaps for volume ArapucaWindowBot112 ... OK! 
Checking overlaps for volume ArapucaWindowBot113 ... OK! 
Checking overlaps for volume ArapucaWindowBot114 ... OK! 
Checking overlaps for volume ArapucaWindowBot115 ... OK! 
Checking overlaps for volume ArapucaWindowBot116 ... OK! 
Checking overlaps for volume ArapucaWindowBot117 ... OK! 
Checking overlaps for volume ArapucaWindowBot118 ... OK! 
Checking overlaps for volume ArapucaWindowBot121 ... OK! 
Checking overlaps for volume ArapucaWindowBot122 ... OK! 
Checking overlaps for volume ArapucaWindowBot123 ... OK! 
Checking overlaps for volume ArapucaWindowBot124 ... OK! 
Checking overlaps for volume ArapucaWindowBot125 ... OK! 
Checking overlaps for volume ArapucaWindowBot126 ... OK! 
Checking overlaps for volume ArapucaWindowBot127 ... OK! 
Checking overlaps for volume ArapucaWindowBot128 ... OK! 
Checking overlaps for volume ArapucaWindowBot131 ... OK! 
Checking overlaps for volume ArapucaWindowBot132 ... OK! 
Checking overlaps for volume ArapucaWindowBot133 ... OK! 
Checking overlaps for volume ArapucaWindowBot134 ... OK! 
Checking overlaps for volume ArapucaWindowBot135 ... OK! 
Checking overlaps for volume ArapucaWindowBot136 ... OK! 
Checking overlaps for volume ArapucaWindowBot137 ... OK! 
Checking overlaps for volume ArapucaWindowBot138 ... OK! 
Checking overlaps for volume ArapucaWindowBot141 ... OK! 
Checking overlaps for volume ArapucaWindowBot142 ... OK! 
Checking overlaps for volume ArapucaWindowBot143 ... OK! 
Checking overlaps for volume ArapucaWindowBot144 ... OK! 
Checking overlaps for volume ArapucaWindowBot145 ... OK! 
Checking overlaps for volume ArapucaWindowBot146 ... OK! 
Checking overlaps for volume ArapucaWindowBot147 ... OK! 
Checking overlaps for volume ArapucaWindowBot148 ... OK! 
Checking overlaps for volume ArapucaWindowBot151 ... OK! 
Checking overlaps for volume ArapucaWindowBot152 ... OK! 
Checking overlaps for volume ArapucaWindowBot153 ... OK! 
Checking overlaps for volume ArapucaWindowBot154 ... OK! 
Checking overlaps for volume ArapucaWindowBot155 ... OK! 
Checking overlaps for volume ArapucaWindowBot156 ... OK! 
Checking overlaps for volume ArapucaWindowBot157 ... OK! 
Checking overlaps for volume ArapucaWindowBot158 ... OK! 
Checking overlaps for volume ArapucaWindowBot161 ... OK! 
Checking overlaps for volume ArapucaWindowBot162 ... OK! 
Checking overlaps for volume ArapucaWindowBot163 ... OK! 
Checking overlaps for volume ArapucaWindowBot164 ... OK! 
Checking overlaps for volume ArapucaWindowBot165 ... OK! 
Checking overlaps for volume ArapucaWindowBot166 ... OK! 
Checking overlaps for volume ArapucaWindowBot167 ... OK! 
Checking overlaps for volume ArapucaWindowBot168 ... OK! 
Checking overlaps for volume ArapucaWindowBot171 ... OK! 
Checking overlaps for volume ArapucaWindowBot172 ... OK! 
Checking overlaps for volume ArapucaWindowBot173 ... OK! 
Checking overlaps for volume ArapucaWindowBot174 ... OK! 
Checking overlaps for volume ArapucaWindowBot175 ... OK! 
Checking overlaps for volume ArapucaWindowBot176 ... OK! 
Checking overlaps for volume ArapucaWindowBot177 ... OK! 
Checking overlaps for volume ArapucaWindowBot178 ... OK! 
Checking overlaps for volume ArapucaWindowBot181 ... OK! 
Checking overlaps for volume ArapucaWindowBot182 ... OK! 
Checking overlaps for volume ArapucaWindowBot183 ... OK! 
Checking overlaps for volume ArapucaWindowBot184 ... OK! 
Checking overlaps for volume ArapucaWindowBot185 ... OK! 
Checking overlaps for volume ArapucaWindowBot186 ... OK! 
Checking overlaps for volume ArapucaWindowBot187 ... OK! 
Checking overlaps for volume ArapucaWindowBot188 ... OK! 
Checking overlaps for volume ArapucaWindowBot191 ... OK! 
Checking overlaps for volume ArapucaWindowBot192 ... OK! 
Checking overlaps for volume ArapucaWindowBot193 ... OK! 
Checking overlaps for volume ArapucaWindowBot194 ... OK! 
Checking overlaps for volume ArapucaWindowBot195 ... OK! 
Checking overlaps for volume ArapucaWindowBot196 ... OK! 
Checking overlaps for volume ArapucaWindowBot197 ... OK! 
Checking overlaps for volume ArapucaWindowBot198 ... OK! 
Checking overlaps for volume ArapucaWindowBot201 ... OK! 
Checking overlaps for volume ArapucaWindowBot202 ... OK! 
Checking overlaps for volume ArapucaWindowBot203 ... OK! 
Checking overlaps for volume ArapucaWindowBot204 ... OK! 
Checking overlaps for volume ArapucaWindowBot205 ... OK! 
Checking overlaps for volume ArapucaWindowBot206 ... OK! 
Checking overlaps for volume ArapucaWindowBot207 ... OK! 
Checking overlaps for volume ArapucaWindowBot208 ... OK! 
Checking overlaps for volume ArapucaWindowBot211 ... OK! 
Checking overlaps for volume ArapucaWindowBot212 ... OK! 
Checking overlaps for volume ArapucaWindowBot213 ... OK! 
Checking overlaps for volume ArapucaWindowBot214 ... OK! 
Checking overlaps for volume ArapucaWindowBot215 ... OK! 
Checking overlaps for volume ArapucaWindowBot216 ... OK! 
Checking overlaps for volume ArapucaWindowBot217 ... OK! 
Checking overlaps for volume ArapucaWindowBot218 ... OK! 
Checking overlaps for volume ArapucaWindowBot221 ... OK! 
Checking overlaps for volume ArapucaWindowBot222 ... OK! 
Checking overlaps for volume ArapucaWindowBot223 ... OK! 
Checking overlaps for volume ArapucaWindowBot224 ... OK! 
Checking overlaps for volume ArapucaWindowBot225 ... OK! 
Checking overlaps for volume ArapucaWindowBot226 ... OK! 
Checking overlaps for volume ArapucaWindowBot227 ... OK! 
Checking overlaps for volume ArapucaWindowBot228 ... OK! 
Checking overlaps for volume ArapucaWindowBot231 ... OK! 
Checking overlaps for volume ArapucaWindowBot232 ... OK! 
Checking overlaps for volume ArapucaWindowBot233 ... OK! 
Checking overlaps for volume ArapucaWindowBot234 ... OK! 
Checking overlaps for volume ArapucaWindowBot235 ... OK! 
Checking overlaps for volume ArapucaWindowBot236 ... OK! 
Checking overlaps for volume ArapucaWindowBot237 ... OK! 
Checking overlaps for volume ArapucaWindowBot238 ... OK! 
Checking overlaps for volume ArapucaWindowBot241 ... OK! 
Checking overlaps for volume ArapucaWindowBot242 ... OK! 
Checking overlaps for volume ArapucaWindowBot243 ... OK! 
Checking overlaps for volume ArapucaWindowBot244 ... OK! 
Checking overlaps for volume ArapucaWindowBot245 ... OK! 
Checking overlaps for volume ArapucaWindowBot246 ... OK! 
Checking overlaps for volume ArapucaWindowBot247 ... OK! 
Checking overlaps for volume ArapucaWindowBot248 ... OK! 
Checking overlaps for volume ArapucaWindowBot251 ... OK! 
Checking overlaps for volume ArapucaWindowBot252 ... OK! 
Checking overlaps for volume ArapucaWindowBot253 ... OK! 
Checking overlaps for volume ArapucaWindowBot254 ... OK! 
Checking overlaps for volume ArapucaWindowBot255 ... OK! 
Checking overlaps for volume ArapucaWindowBot256 ... OK! 
Checking overlaps for volume ArapucaWindowBot257 ... OK! 
Checking overlaps for volume ArapucaWindowBot258 ... OK! 
Checking overlaps for volume ArapucaWindowBot261 ... OK! 
Checking overlaps for volume ArapucaWindowBot262 ... OK! 
Checking overlaps for volume ArapucaWindowBot263 ... OK! 
Checking overlaps for volume ArapucaWindowBot264 ... OK! 
Checking overlaps for volume ArapucaWindowBot265 ... OK! 
Checking overlaps for volume ArapucaWindowBot266 ... OK! 
Checking overlaps for volume ArapucaWindowBot267 ... OK! 
Checking overlaps for volume ArapucaWindowBot268 ... OK! 
Checking overlaps for volume ArapucaWindowBot271 ... OK! 
Checking overlaps for volume ArapucaWindowBot272 ... OK! 
Checking overlaps for volume ArapucaWindowBot273 ... OK! 
Checking overlaps for volume ArapucaWindowBot274 ... OK! 
Checking overlaps for volume ArapucaWindowBot275 ... OK! 
Checking overlaps for volume ArapucaWindowBot276 ... OK! 
Checking overlaps for volume ArapucaWindowBot277 ... OK! 
Checking overlaps for volume ArapucaWindowBot278 ... OK! 
Checking overlaps for volume ArapucaWindowBot281 ... OK! 
Checking overlaps for volume ArapucaWindowBot282 ... OK! 
Checking overlaps for volume ArapucaWindowBot283 ... OK! 
Checking overlaps for volume ArapucaWindowBot284 ... OK! 
Checking overlaps for volume ArapucaWindowBot285 ... OK! 
Checking overlaps for volume ArapucaWindowBot286 ... OK! 
Checking overlaps for volume ArapucaWindowBot287 ... OK! 
Checking overlaps for volume ArapucaWindowBot288 ... OK! 
Checking overlaps for volume ArapucaWindowBot291 ... OK! 
Checking overlaps for volume ArapucaWindowBot292 ... OK! 
Checking overlaps for volume ArapucaWindowBot293 ... OK! 
Checking overlaps for volume ArapucaWindowBot294 ... OK! 
Checking overlaps for volume ArapucaWindowBot295 ... OK! 
Checking overlaps for volume ArapucaWindowBot296 ... OK! 
Checking overlaps for volume ArapucaWindowBot297 ... OK! 
Checking overlaps for volume ArapucaWindowBot298 ... OK! 
Checking overlaps for volume ArapucaWindowBot301 ... OK! 
Checking overlaps for volume ArapucaWindowBot302 ... OK! 
Checking overlaps for volume ArapucaWindowBot303 ... OK! 
Checking overlaps for volume ArapucaWindowBot304 ... OK! 
Checking overlaps for volume ArapucaWindowBot305 ... OK! 
Checking overlaps for volume ArapucaWindowBot306 ... OK! 
Checking overlaps for volume ArapucaWindowBot307 ... OK! 
Checking overlaps for volume ArapucaWindowBot308 ... OK! 
Checking overlaps for volume ArapucaWindowBot311 ... OK! 
Checking overlaps for volume ArapucaWindowBot312 ... OK! 
Checking overlaps for volume ArapucaWindowBot313 ... OK! 
Checking overlaps for volume ArapucaWindowBot314 ... OK! 
Checking overlaps for volume ArapucaWindowBot315 ... OK! 
Checking overlaps for volume ArapucaWindowBot316 ... OK! 
Checking overlaps for volume ArapucaWindowBot317 ... OK! 
Checking overlaps for volume ArapucaWindowBot318 ... OK! 
Checking overlaps for volume ArapucaWindowBot321 ... OK! 
Checking overlaps for volume ArapucaWindowBot322 ... OK! 
Checking overlaps for volume ArapucaWindowBot323 ... OK! 
Checking overlaps for volume ArapucaWindowBot324 ... OK! 
Checking overlaps for volume ArapucaWindowBot325 ... OK! 
Checking overlaps for volume ArapucaWindowBot326 ... OK! 
Checking overlaps for volume ArapucaWindowBot327 ... OK! 
Checking overlaps for volume ArapucaWindowBot328 ... OK! 
Checking overlaps for volume ArapucaWindowBot331 ... OK! 
Checking overlaps for volume ArapucaWindowBot332 ... OK! 
Checking overlaps for volume ArapucaWindowBot333 ... OK! 
Checking overlaps for volume ArapucaWindowBot334 ... OK! 
Checking overlaps for volume ArapucaWindowBot335 ... OK! 
Checking overlaps for volume ArapucaWindowBot336 ... OK! 
Checking overlaps for volume ArapucaWindowBot337 ... OK! 
Checking overlaps for volume ArapucaWindowBot338 ... OK! 
Checking overlaps for volume ArapucaWindowBot341 ... OK! 
Checking overlaps for volume ArapucaWindowBot342 ... OK! 
Checking overlaps for volume ArapucaWindowBot343 ... OK! 
Checking overlaps for volume ArapucaWindowBot344 ... OK! 
Checking overlaps for volume ArapucaWindowBot345 ... OK! 
Checking overlaps for volume ArapucaWindowBot346 ... OK! 
Checking overlaps for volume ArapucaWindowBot347 ... OK! 
Checking overlaps for volume ArapucaWindowBot348 ... OK! 
Checking overlaps for volume ArapucaWindowBot351 ... OK! 
Checking overlaps for volume ArapucaWindowBot352 ... OK! 
Checking overlaps for volume ArapucaWindowBot353 ... OK! 
Checking overlaps for volume ArapucaWindowBot354 ... OK! 
Checking overlaps for volume ArapucaWindowBot355 ... OK! 
Checking overlaps for volume ArapucaWindowBot356 ... OK! 
Checking overlaps for volume ArapucaWindowBot357 ... OK! 
Checking overlaps for volume ArapucaWindowBot358 ... OK! 
Checking overlaps for volume ArapucaWindowBot361 ... OK! 
Checking overlaps for volume ArapucaWindowBot362 ... OK! 
Checking overlaps for volume ArapucaWindowBot363 ... OK! 
Checking overlaps for volume ArapucaWindowBot364 ... OK! 
Checking overlaps for volume ArapucaWindowBot365 ... OK! 
Checking overlaps for volume ArapucaWindowBot366 ... OK! 
Checking overlaps for volume ArapucaWindowBot367 ... OK! 
Checking overlaps for volume ArapucaWindowBot368 ... OK! 
Checking overlaps for volume ArapucaWindowBot371 ... OK! 
Checking overlaps for volume ArapucaWindowBot372 ... OK! 
Checking overlaps for volume ArapucaWindowBot373 ... OK! 
Checking overlaps for volume ArapucaWindowBot374 ... OK! 
Checking overlaps for volume ArapucaWindowBot375 ... OK! 
Checking overlaps for volume ArapucaWindowBot376 ... OK! 
Checking overlaps for volume ArapucaWindowBot377 ... OK! 
Checking overlaps for volume ArapucaWindowBot378 ... OK! 
Checking overlaps for volume ArapucaWindowBot381 ... OK! 
Checking overlaps for volume ArapucaWindowBot382 ... OK! 
Checking overlaps for volume ArapucaWindowBot383 ... OK! 
Checking overlaps for volume ArapucaWindowBot384 ... OK! 
Checking overlaps for volume ArapucaWindowBot385 ... OK! 
Checking overlaps for volume ArapucaWindowBot386 ... OK! 
Checking overlaps for volume ArapucaWindowBot387 ... OK! 
Checking overlaps for volume ArapucaWindowBot388 ... OK! 
Checking overlaps for volume ArapucaWindowBot391 ... OK! 
Checking overlaps for volume ArapucaWindowBot392 ... OK! 
Checking overlaps for volume ArapucaWindowBot393 ... OK! 
Checking overlaps for volume ArapucaWindowBot394 ... OK! 
Checking overlaps for volume ArapucaWindowBot395 ... OK! 
Checking overlaps for volume ArapucaWindowBot396 ... OK! 
Checking overlaps for volume ArapucaWindowBot397 ... OK! 
Checking overlaps for volume ArapucaWindowBot398 ... OK! 
Checking overlaps for volume ArapucaWindowBot401 ... OK! 
Checking overlaps for volume ArapucaWindowBot402 ... OK! 
Checking overlaps for volume ArapucaWindowBot403 ... OK! 
Checking overlaps for volume ArapucaWindowBot404 ... OK! 
Checking overlaps for volume ArapucaWindowBot405 ... OK! 
Checking overlaps for volume ArapucaWindowBot406 ... OK! 
Checking overlaps for volume ArapucaWindowBot407 ... OK! 
Checking overlaps for volume ArapucaWindowBot408 ... OK! 
Checking overlaps for volume ArapucaWindowLat121 ... OK! 
Checking overlaps for volume ArapucaWindowLlat121 ... OK! 
Checking overlaps for volume ArapucaWindowLat122 ... OK! 
Checking overlaps for volume ArapucaWindowLlat122 ... OK! 
Checking overlaps for volume ArapucaWindowLat123 ... OK! 
Checking overlaps for volume ArapucaWindowLlat123 ... OK! 
Checking overlaps for volume ArapucaWindowLat124 ... OK! 
Checking overlaps for volume ArapucaWindowLlat124 ... OK! 
Checking overlaps for volume ArapucaWindowLat125 ... OK! 
Checking overlaps for volume ArapucaWindowLlat125 ... OK! 
Checking overlaps for volume ArapucaWindowLat126 ... OK! 
Checking overlaps for volume ArapucaWindowLlat126 ... OK! 
Checking overlaps for volume ArapucaWindowLat127 ... OK! 
Checking overlaps for volume ArapucaWindowLlat127 ... OK! 
Checking overlaps for volume ArapucaWindowLat128 ... OK! 
Checking overlaps for volume ArapucaWindowLlat128 ... OK! 
Checking overlaps for volume ArapucaWindowLat129 ... OK! 
Checking overlaps for volume ArapucaWindowLlat129 ... OK! 
Checking overlaps for volume ArapucaWindowLat130 ... OK! 
Checking overlaps for volume ArapucaWindowLlat130 ... OK! 
Checking overlaps for volume ArapucaWindowLat131 ... OK! 
Checking overlaps for volume ArapucaWindowLlat131 ... OK! 
Checking overlaps for volume ArapucaWindowLat132 ... OK! 
Checking overlaps for volume ArapucaWindowLlat132 ... OK! 
Checking overlaps for volume ArapucaWindowLat133 ... OK! 
Checking overlaps for volume ArapucaWindowLlat133 ... OK! 
Checking overlaps for volume ArapucaWindowLat134 ... OK! 
Checking overlaps for volume ArapucaWindowLlat134 ... OK! 
Checking overlaps for volume ArapucaWindowLat135 ... OK! 
Checking overlaps for volume ArapucaWindowLlat135 ... OK! 
Checking overlaps for volume ArapucaWindowLat136 ... OK! 
Checking overlaps for volume ArapucaWindowLlat136 ... OK! 
Checking overlaps for volume ArapucaWindowLat137 ... OK! 
Checking overlaps for volume ArapucaWindowLlat137 ... OK! 
Checking overlaps for volume ArapucaWindowLat138 ... OK! 
Checking overlaps for volume ArapucaWindowLlat138 ... OK! 
Checking overlaps for volume ArapucaWindowLat139 ... OK! 
Checking overlaps for volume ArapucaWindowLlat139 ... OK! 
Checking overlaps for volume ArapucaWindowLat221 ... OK! 
Checking overlaps for volume ArapucaWindowLlat221 ... OK! 
Checking overlaps for volume ArapucaWindowLat222 ... OK! 
Checking overlaps for volume ArapucaWindowLlat222 ... OK! 
Checking overlaps for volume ArapucaWindowLat223 ... OK! 
Checking overlaps for volume ArapucaWindowLlat223 ... OK! 
Checking overlaps for volume ArapucaWindowLat224 ... OK! 
Checking overlaps for volume ArapucaWindowLlat224 ... OK! 
Checking overlaps for volume ArapucaWindowLat225 ... OK! 
Checking overlaps for volume ArapucaWindowLlat225 ... OK! 
Checking overlaps for volume ArapucaWindowLat226 ... OK! 
Checking overlaps for volume ArapucaWindowLlat226 ... OK! 
Checking overlaps for volume ArapucaWindowLat227 ... OK! 
Checking overlaps for volume ArapucaWindowLlat227 ... OK! 
Checking overlaps for volume ArapucaWindowLat228 ... OK! 
Checking overlaps for volume ArapucaWindowLlat228 ... OK! 
Checking overlaps for volume ArapucaWindowLat229 ... OK! 
Checking overlaps for volume ArapucaWindowLlat229 ... OK! 
Checking overlaps for volume ArapucaWindowLat230 ... OK! 
Checking overlaps for volume ArapucaWindowLlat230 ... OK! 
Checking overlaps for volume ArapucaWindowLat231 ... OK! 
Checking overlaps for volume ArapucaWindowLlat231 ... OK! 
Checking overlaps for volume ArapucaWindowLat232 ... OK! 
Checking overlaps for volume ArapucaWindowLlat232 ... OK! 
Checking overlaps for volume ArapucaWindowLat233 ... OK! 
Checking overlaps for volume ArapucaWindowLlat233 ... OK! 
Checking overlaps for volume ArapucaWindowLat234 ... OK! 
Checking overlaps for volume ArapucaWindowLlat234 ... OK! 
Checking overlaps for volume ArapucaWindowLat235 ... OK! 
Checking overlaps for volume ArapucaWindowLlat235 ... OK! 
Checking overlaps for volume ArapucaWindowLat236 ... OK! 
Checking overlaps for volume ArapucaWindowLlat236 ... OK! 
Checking overlaps for volume ArapucaWindowLat237 ... OK! 
Checking overlaps for volume ArapucaWindowLlat237 ... OK! 
Checking overlaps for volume ArapucaWindowLat238 ... OK! 
Checking overlaps for volume ArapucaWindowLlat238 ... OK! 
Checking overlaps for volume ArapucaWindowLat239 ... OK! 
Checking overlaps for volume ArapucaWindowLlat239 ... OK! 
Checking overlaps for volume ArapucaWindowLat321 ... OK! 
Checking overlaps for volume ArapucaWindowLlat321 ... OK! 
Checking overlaps for volume ArapucaWindowLat322 ... OK! 
Checking overlaps for volume ArapucaWindowLlat322 ... OK! 
Checking overlaps for volume ArapucaWindowLat323 ... OK! 
Checking overlaps for volume ArapucaWindowLlat323 ... OK! 
Checking overlaps for volume ArapucaWindowLat324 ... OK! 
Checking overlaps for volume ArapucaWindowLlat324 ... OK! 
Checking overlaps for volume ArapucaWindowLat325 ... OK! 
Checking overlaps for volume ArapucaWindowLlat325 ... OK! 
Checking overlaps for volume ArapucaWindowLat326 ... OK! 
Checking overlaps for volume ArapucaWindowLlat326 ... OK! 
Checking overlaps for volume ArapucaWindowLat327 ... OK! 
Checking overlaps for volume ArapucaWindowLlat327 ... OK! 
Checking overlaps for volume ArapucaWindowLat328 ... OK! 
Checking overlaps for volume ArapucaWindowLlat328 ... OK! 
Checking overlaps for volume ArapucaWindowLat329 ... OK! 
Checking overlaps for volume ArapucaWindowLlat329 ... OK! 
Checking overlaps for volume ArapucaWindowLat330 ... OK! 
Checking overlaps for volume ArapucaWindowLlat330 ... OK! 
Checking overlaps for volume ArapucaWindowLat331 ... OK! 
Checking overlaps for volume ArapucaWindowLlat331 ... OK! 
Checking overlaps for volume ArapucaWindowLat332 ... OK! 
Checking overlaps for volume ArapucaWindowLlat332 ... OK! 
Checking overlaps for volume ArapucaWindowLat333 ... OK! 
Checking overlaps for volume ArapucaWindowLlat333 ... OK! 
Checking overlaps for volume ArapucaWindowLat334 ... OK! 
Checking overlaps for volume ArapucaWindowLlat334 ... OK! 
Checking overlaps for volume ArapucaWindowLat335 ... OK! 
Checking overlaps for volume ArapucaWindowLlat335 ... OK! 
Checking overlaps for volume ArapucaWindowLat336 ... OK! 
Checking overlaps for volume ArapucaWindowLlat336 ... OK! 
Checking overlaps for volume ArapucaWindowLat337 ... OK! 
Checking overlaps for volume ArapucaWindowLlat337 ... OK! 
Checking overlaps for volume ArapucaWindowLat338 ... OK! 
Checking overlaps for volume ArapucaWindowLlat338 ... OK! 
Checking overlaps for volume ArapucaWindowLat339 ... OK! 
Checking overlaps for volume ArapucaWindowLlat339 ... OK! 
Checking overlaps for volume ArapucaWindowLat421 ... OK! 
Checking overlaps for volume ArapucaWindowLlat421 ... OK! 
Checking overlaps for volume ArapucaWindowLat422 ... OK! 
Checking overlaps for volume ArapucaWindowLlat422 ... OK! 
Checking overlaps for volume ArapucaWindowLat423 ... OK! 
Checking overlaps for volume ArapucaWindowLlat423 ... OK! 
Checking overlaps for volume ArapucaWindowLat424 ... OK! 
Checking overlaps for volume ArapucaWindowLlat424 ... OK! 
Checking overlaps for volume ArapucaWindowLat425 ... OK! 
Checking overlaps for volume ArapucaWindowLlat425 ... OK! 
Checking overlaps for volume ArapucaWindowLat426 ... OK! 
Checking overlaps for volume ArapucaWindowLlat426 ... OK! 
Checking overlaps for volume ArapucaWindowLat427 ... OK! 
Checking overlaps for volume ArapucaWindowLlat427 ... OK! 
Checking overlaps for volume ArapucaWindowLat428 ... OK! 
Checking overlaps for volume ArapucaWindowLlat428 ... OK! 
Checking overlaps for volume ArapucaWindowLat429 ... OK! 
Checking overlaps for volume ArapucaWindowLlat429 ... OK! 
Checking overlaps for volume ArapucaWindowLat430 ... OK! 
Checking overlaps for volume ArapucaWindowLlat430 ... OK! 
Checking overlaps for volume ArapucaWindowLat431 ... OK! 
Checking overlaps for volume ArapucaWindowLlat431 ... OK! 
Checking overlaps for volume ArapucaWindowLat432 ... OK! 
Checking overlaps for volume ArapucaWindowLlat432 ... OK! 
Checking overlaps for volume ArapucaWindowLat433 ... OK! 
Checking overlaps for volume ArapucaWindowLlat433 ... OK! 
Checking overlaps for volume ArapucaWindowLat434 ... OK! 
Checking overlaps for volume ArapucaWindowLlat434 ... OK! 
Checking overlaps for volume ArapucaWindowLat435 ... OK! 
Checking overlaps for volume ArapucaWindowLlat435 ... OK! 
Checking overlaps for volume ArapucaWindowLat436 ... OK! 
Checking overlaps for volume ArapucaWindowLlat436 ... OK! 
Checking overlaps for volume ArapucaWindowLat437 ... OK! 
Checking overlaps for volume ArapucaWindowLlat437 ... OK! 
Checking overlaps for volume ArapucaWindowLat438 ... OK! 
Checking overlaps for volume ArapucaWindowLlat438 ... OK! 
Checking overlaps for volume ArapucaWindowLat439 ... OK! 
Checking overlaps for volume ArapucaWindowLlat439 ... OK! 
### Birks coefficients used in run time
   G4_lAr     0.032 mm/MeV     0.0044672 g/cm^2/MeV  massFactor=  23.4875 effCharge= 324
 AddDiscreteProcess to OpticalPhoton 
Visualization Manager instantiating with verbosity "warnings (3)"...
Visualization Manager initialising...
Registering graphics systems...

You have successfully registered the following graphics systems.
Current available graphics systems are:
ASCIITree (ATree)
DAWNFILE (DAWNFILE)
G4HepRep (HepRepXML)
G4HepRepFile (HepRepFile)
RayTracer (RayTracer)
VRML1FILE (VRML1FILE)
VRML2FILE (VRML2FILE)
gMocrenFile (gMocrenFile)
OpenGLImmediateX (OGLIX, OGLI)
OpenGLStoredX (OGLSX, OGL, OGLS)

Registering model factories...

You have successfully registered the following model factories.
Registered model factories:
  generic
  drawByAttribute
  drawByCharge
  drawByOriginVolume
  drawByParticleID
  drawByEncounteredVolume

Registered filter factories:
  attributeFilter
  chargeFilter
  originVolumeFilter
  particleFilter
  encounteredVolumeFilter

You have successfully registered the following user vis actions.
Run Duration User Vis Actions: none
End of Event User Vis Actions: none
End of Run User Vis Actions: none

Some /vis commands (optionally) take a string to specify colour.
Available colours:
  black, blue, brown, cyan, gray, green, grey, magenta, red, white, yellow


conv:   for  gamma    SubType= 14  BuildTable= 1
      Lambda table from 1.022 MeV to 100 TeV, 18 bins per decade, spline: 1
      ===== EM models for the G4Region  DefaultRegionForTheWorld ======
        BetheHeitler :  Emin=        0 eV    Emax=       80 GeV
     BetheHeitlerLPM :  Emin=       80 GeV   Emax=      100 TeV

compt:   for  gamma    SubType= 13  BuildTable= 1
      Lambda table from 100 eV  to 1 MeV, 7 bins per decade, spline: 1
      LambdaPrime table from 1 MeV to 100 TeV in 56 bins 
      ===== EM models for the G4Region  DefaultRegionForTheWorld ======
       Klein-Nishina :  Emin=        0 eV    Emax=      100 TeV

phot:   for  gamma    SubType= 12  BuildTable= 0
      LambdaPrime table from 200 keV to 100 TeV in 61 bins 
      ===== EM models for the G4Region  DefaultRegionForTheWorld ======
       PhotoElectric :  Emin=        0 eV    Emax=      100 TeV   AngularGenSauterGavrila

msc:   for e-    SubType= 10
      RangeFactor= 0.04, stepLimitType: 1, latDisplacement: 1
      ===== EM models for the G4Region  DefaultRegionForTheWorld ======
            UrbanMsc :  Emin=        0 eV    Emax=      100 TeV  Table with 84 bins Emin=    100 eV    Emax=    100 TeV

eIoni:   for  e-    SubType= 2
      dE/dx and range tables from 100 eV  to 100 TeV in 84 bins
      Lambda tables from threshold to 100 TeV, 7 bins per decade, spline: 1
      finalRange(mm)= 1, dRoverRange= 0.2, integral: 1, fluct: 1, linLossLimit= 0.01
      ===== EM models for the G4Region  DefaultRegionForTheWorld ======
        MollerBhabha :  Emin=        0 eV    Emax=      100 TeV

eBrem:   for  e-    SubType= 3
      dE/dx and range tables from 100 eV  to 100 TeV in 84 bins
      Lambda tables from threshold to 100 TeV, 7 bins per decade, spline: 1
      LPM flag: 1 for E > 1 GeV,  VertexHighEnergyTh(GeV)= 100000
      ===== EM models for the G4Region  DefaultRegionForTheWorld ======
             eBremSB :  Emin=        0 eV    Emax=        1 GeV   DipBustGen
            eBremLPM :  Emin=        1 GeV   Emax=      100 TeV   DipBustGen

msc:   for e+    SubType= 10
      RangeFactor= 0.04, stepLimitType: 1, latDisplacement: 1
      ===== EM models for the G4Region  DefaultRegionForTheWorld ======
            UrbanMsc :  Emin=        0 eV    Emax=      100 TeV  Table with 84 bins Emin=    100 eV    Emax=    100 TeV

eIoni:   for  e+    SubType= 2
      dE/dx and range tables from 100 eV  to 100 TeV in 84 bins
      Lambda tables from threshold to 100 TeV, 7 bins per decade, spline: 1
      finalRange(mm)= 1, dRoverRange= 0.2, integral: 1, fluct: 1, linLossLimit= 0.01
      ===== EM models for the G4Region  DefaultRegionForTheWorld ======
        MollerBhabha :  Emin=        0 eV    Emax=      100 TeV

eBrem:   for  e+    SubType= 3
      dE/dx and range tables from 100 eV  to 100 TeV in 84 bins
      Lambda tables from threshold to 100 TeV, 7 bins per decade, spline: 1
      LPM flag: 1 for E > 1 GeV,  VertexHighEnergyTh(GeV)= 100000
      ===== EM models for the G4Region  DefaultRegionForTheWorld ======
             eBremSB :  Emin=        0 eV    Emax=        1 GeV   DipBustGen
            eBremLPM :  Emin=        1 GeV   Emax=      100 TeV   DipBustGen

annihil:   for  e+, integral: 1     SubType= 5  BuildTable= 0
      ===== EM models for the G4Region  DefaultRegionForTheWorld ======
            eplus2gg :  Emin=        0 eV    Emax=      100 TeV

msc:   for proton    SubType= 10
      RangeFactor= 0.2, stepLimitType: 0, latDisplacement: 0
      ===== EM models for the G4Region  DefaultRegionForTheWorld ======
            UrbanMsc :  Emin=        0 eV    Emax=      100 TeV  Table with 84 bins Emin=    100 eV    Emax=    100 TeV

hIoni:   for  proton    SubType= 2
      dE/dx and range tables from 100 eV  to 100 TeV in 84 bins
      Lambda tables from threshold to 100 TeV, 7 bins per decade, spline: 1
      finalRange(mm)= 0.1, dRoverRange= 0.2, integral: 1, fluct: 1, linLossLimit= 0.01
      ===== EM models for the G4Region  DefaultRegionForTheWorld ======
               Bragg :  Emin=        0 eV    Emax=        2 MeV
          BetheBloch :  Emin=        2 MeV   Emax=      100 TeV

msc:   for GenericIon    SubType= 10
      RangeFactor= 0.2, stepLimitType: 0, latDisplacement: 0
      ===== EM models for the G4Region  DefaultRegionForTheWorld ======
            UrbanMsc :  Emin=        0 eV    Emax=      100 TeV

hIoni:   for  GenericIon    SubType= 2
      dE/dx and range tables from 100 eV  to 100 TeV in 84 bins
      Lambda tables from threshold to 100 TeV, 7 bins per decade, spline: 1
      finalRange(mm)= 0.1, dRoverRange= 0.2, integral: 1, fluct: 1, linLossLimit= 0.01
      ===== EM models for the G4Region  DefaultRegionForTheWorld ======
               Bragg :  Emin=        0 eV    Emax=        2 MeV
          BetheBloch :  Emin=        2 MeV   Emax=      100 TeV

msc:   for alpha    SubType= 10
      RangeFactor= 0.2, stepLimitType: 0, latDisplacement: 0
      ===== EM models for the G4Region  DefaultRegionForTheWorld ======
            UrbanMsc :  Emin=        0 eV    Emax=      100 TeV  Table with 84 bins Emin=    100 eV    Emax=    100 TeV

hIoni:   for  alpha    SubType= 2
      dE/dx and range tables from 100 eV  to 100 TeV in 84 bins
      Lambda tables from threshold to 100 TeV, 7 bins per decade, spline: 1
      finalRange(mm)= 0.1, dRoverRange= 0.2, integral: 1, fluct: 1, linLossLimit= 0.01
      ===== EM models for the G4Region  DefaultRegionForTheWorld ======
               Bragg :  Emin=        0 eV    Emax=   7.9452 MeV
          BetheBloch :  Emin=   7.9452 MeV   Emax=      100 TeV

msc:   for anti_proton    SubType= 10
      RangeFactor= 0.2, stepLimitType: 0, latDisplacement: 0
      ===== EM models for the G4Region  DefaultRegionForTheWorld ======
            UrbanMsc :  Emin=        0 eV    Emax=      100 TeV  Table with 84 bins Emin=    100 eV    Emax=    100 TeV

hIoni:   for  anti_proton    SubType= 2
      dE/dx and range tables from 100 eV  to 100 TeV in 84 bins
      Lambda tables from threshold to 100 TeV, 7 bins per decade, spline: 1
      finalRange(mm)= 0.1, dRoverRange= 0.2, integral: 1, fluct: 1, linLossLimit= 0.01
      ===== EM models for the G4Region  DefaultRegionForTheWorld ======
            ICRU73QO :  Emin=        0 eV    Emax=        2 MeV
          BetheBloch :  Emin=        2 MeV   Emax=      100 TeV

msc:   for kaon+    SubType= 10
      RangeFactor= 0.2, stepLimitType: 0, latDisplacement: 0
      ===== EM models for the G4Region  DefaultRegionForTheWorld ======
            UrbanMsc :  Emin=        0 eV    Emax=      100 TeV  Table with 84 bins Emin=    100 eV    Emax=    100 TeV

hIoni:   for  kaon+    SubType= 2
      dE/dx and range tables from 100 eV  to 100 TeV in 84 bins
      Lambda tables from threshold to 100 TeV, 7 bins per decade, spline: 1
      finalRange(mm)= 0.1, dRoverRange= 0.2, integral: 1, fluct: 1, linLossLimit= 0.01
      ===== EM models for the G4Region  DefaultRegionForTheWorld ======
               Bragg :  Emin=        0 eV    Emax=  1.05231 MeV
          BetheBloch :  Emin=  1.05231 MeV   Emax=      100 TeV

msc:   for kaon-    SubType= 10
      RangeFactor= 0.2, stepLimitType: 0, latDisplacement: 0
      ===== EM models for the G4Region  DefaultRegionForTheWorld ======
            UrbanMsc :  Emin=        0 eV    Emax=      100 TeV  Table with 84 bins Emin=    100 eV    Emax=    100 TeV

hIoni:   for  kaon-    SubType= 2
      dE/dx and range tables from 100 eV  to 100 TeV in 84 bins
      Lambda tables from threshold to 100 TeV, 7 bins per decade, spline: 1
      finalRange(mm)= 0.1, dRoverRange= 0.2, integral: 1, fluct: 1, linLossLimit= 0.01
      ===== EM models for the G4Region  DefaultRegionForTheWorld ======
            ICRU73QO :  Emin=        0 eV    Emax=  1.05231 MeV
          BetheBloch :  Emin=  1.05231 MeV   Emax=      100 TeV

msc:   for mu+    SubType= 10
      RangeFactor= 0.2, step limit type: 0, lateralDisplacement: 0, polarAngleLimit(deg)= 180
      ===== EM models for the G4Region  DefaultRegionForTheWorld ======
            UrbanMsc :  Emin=        0 eV    Emax=      100 TeV  Table with 84 bins Emin=    100 eV    Emax=    100 TeV

muIoni:   for  mu+    SubType= 2
      dE/dx and range tables from 100 eV  to 100 TeV in 84 bins
      Lambda tables from threshold to 100 TeV, 7 bins per decade, spline: 1
      finalRange(mm)= 0.1, dRoverRange= 0.2, integral: 1, fluct: 1, linLossLimit= 0.01
      ===== EM models for the G4Region  DefaultRegionForTheWorld ======
               Bragg :  Emin=        0 eV    Emax=      200 keV
          BetheBloch :  Emin=      200 keV   Emax=        1 GeV
        MuBetheBloch :  Emin=        1 GeV   Emax=      100 TeV

muBrems:   for  mu+    SubType= 3
      dE/dx and range tables from 100 eV  to 100 TeV in 84 bins
      Lambda tables from threshold to 100 TeV, 7 bins per decade, spline: 1
      ===== EM models for the G4Region  DefaultRegionForTheWorld ======
              MuBrem :  Emin=        0 eV    Emax=      100 TeV

muPairProd:   for  mu+    SubType= 4
      dE/dx and range tables from 100 eV  to 100 TeV in 84 bins
      Lambda tables from threshold to 100 TeV, 7 bins per decade, spline: 1
      Sampling table 21x1001; from 1 GeV to 100 TeV 
      ===== EM models for the G4Region  DefaultRegionForTheWorld ======
          muPairProd :  Emin=        0 eV    Emax=      100 TeV

msc:   for mu-    SubType= 10
      RangeFactor= 0.2, step limit type: 0, lateralDisplacement: 0, polarAngleLimit(deg)= 180
      ===== EM models for the G4Region  DefaultRegionForTheWorld ======
            UrbanMsc :  Emin=        0 eV    Emax=      100 TeV  Table with 84 bins Emin=    100 eV    Emax=    100 TeV

muIoni:   for  mu-    SubType= 2
      dE/dx and range tables from 100 eV  to 100 TeV in 84 bins
      Lambda tables from threshold to 100 TeV, 7 bins per decade, spline: 1
      finalRange(mm)= 0.1, dRoverRange= 0.2, integral: 1, fluct: 1, linLossLimit= 0.01
      ===== EM models for the G4Region  DefaultRegionForTheWorld ======
            ICRU73QO :  Emin=        0 eV    Emax=      200 keV
          BetheBloch :  Emin=      200 keV   Emax=        1 GeV
        MuBetheBloch :  Emin=        1 GeV   Emax=      100 TeV

muBrems:   for  mu-    SubType= 3
      dE/dx and range tables from 100 eV  to 100 TeV in 84 bins
      Lambda tables from threshold to 100 TeV, 7 bins per decade, spline: 1
      ===== EM models for the G4Region  DefaultRegionForTheWorld ======
              MuBrem :  Emin=        0 eV    Emax=      100 TeV

muPairProd:   for  mu-    SubType= 4
      dE/dx and range tables from 100 eV  to 100 TeV in 84 bins
      Lambda tables from threshold to 100 TeV, 7 bins per decade, spline: 1
      Sampling table 21x1001; from 1 GeV to 100 TeV 
      ===== EM models for the G4Region  DefaultRegionForTheWorld ======
          muPairProd :  Emin=        0 eV    Emax=      100 TeV

msc:   for pi+    SubType= 10
      RangeFactor= 0.2, stepLimitType: 0, latDisplacement: 0
      ===== EM models for the G4Region  DefaultRegionForTheWorld ======
            UrbanMsc :  Emin=        0 eV    Emax=      100 TeV  Table with 84 bins Emin=    100 eV    Emax=    100 TeV

hIoni:   for  pi+    SubType= 2
      dE/dx and range tables from 100 eV  to 100 TeV in 84 bins
      Lambda tables from threshold to 100 TeV, 7 bins per decade, spline: 1
      finalRange(mm)= 0.1, dRoverRange= 0.2, integral: 1, fluct: 1, linLossLimit= 0.01
      ===== EM models for the G4Region  DefaultRegionForTheWorld ======
               Bragg :  Emin=        0 eV    Emax=  297.505 keV
          BetheBloch :  Emin=  297.505 keV   Emax=      100 TeV

msc:   for pi-    SubType= 10
      RangeFactor= 0.2, stepLimitType: 0, latDisplacement: 0
      ===== EM models for the G4Region  DefaultRegionForTheWorld ======
            UrbanMsc :  Emin=        0 eV    Emax=      100 TeV  Table with 84 bins Emin=    100 eV    Emax=    100 TeV

hIoni:   for  pi-    SubType= 2
      dE/dx and range tables from 100 eV  to 100 TeV in 84 bins
      Lambda tables from threshold to 100 TeV, 7 bins per decade, spline: 1
      finalRange(mm)= 0.1, dRoverRange= 0.2, integral: 1, fluct: 1, linLossLimit= 0.01
      ===== EM models for the G4Region  DefaultRegionForTheWorld ======
            ICRU73QO :  Emin=        0 eV    Emax=  297.505 keV
          BetheBloch :  Emin=  297.505 keV   Emax=      100 TeV

========= Table of registered couples ==============================

Index : 0     used in the geometry : Yes
 Material : G4_lAr
 Range cuts        :  gamma  1 mm     e-  1 mm     e+  1 mm  proton 1 mm 
 Energy thresholds :  gamma  6.19986 keV    e-  349.521 keV    e+  337.972 keV proton 100 keV
 Region(s) which use this couple : 
    DefaultRegionForTheWorld

Index : 1     used in the geometry : Yes
 Material : StainlessSteel
 Range cuts        :  gamma  1 mm     e-  1 mm     e+  1 mm  proton 1 mm 
 Energy thresholds :  gamma  20.6438 keV    e-  1.29592 MeV    e+  1.22809 MeV proton 100 keV
 Region(s) which use this couple : 
    DefaultRegionForTheWorld

Index : 2     used in the geometry : Yes
 Material : Aluminium
 Range cuts        :  gamma  1 mm     e-  1 mm     e+  1 mm  proton 1 mm 
 Energy thresholds :  gamma  6.90363 keV    e-  598.345 keV    e+  570.85 keV proton 100 keV
 Region(s) which use this couple : 
    DefaultRegionForTheWorld

Index : 3     used in the geometry : Yes
 Material : acrylic
 Range cuts        :  gamma  1 mm     e-  1 mm     e+  1 mm  proton 1 mm 
 Energy thresholds :  gamma  2.76798 keV    e-  389.196 keV    e+  376.336 keV proton 100 keV
 Region(s) which use this couple : 
    DefaultRegionForTheWorld

====================================================================

##### Create analysis manager   0x1636e30
Using Root analysis manager

Graphics systems deleted.
Visualization Manager deleting...
OpAbsorption 3
OpRayleigh 1
Transportation 2
