The system is: Linux - 3.10.0-1160.59.1.el7.x86_64 - x86_64
Compiling the C compiler identification source file "CMakeCCompilerId.c" succeeded.
Compiler: /cvmfs/larsoft.opensciencegrid.org/products/gcc/v9_3_0/Linux64bit+3.10-2.17/bin/cc 
Build flags: 
Id flags:  

The output was:
0


Compilation of the C compiler identification source "CMakeCCompilerId.c" produced "a.out"

The C compiler identification is GNU, found in "/nashome/s/smanthey/standalone/PDS_VD/vdriftXe/vdrift_build/CMakeFiles/3.13.1/CompilerIdC/a.out"

Compiling the CXX compiler identification source file "CMakeCXXCompilerId.cpp" succeeded.
Compiler: /cvmfs/larsoft.opensciencegrid.org/products/gcc/v9_3_0/Linux64bit+3.10-2.17/bin/c++ 
Build flags: 
Id flags:  

The output was:
0


Compilation of the CXX compiler identification source "CMakeCXXCompilerId.cpp" produced "a.out"

The CXX compiler identification is GNU, found in "/nashome/s/smanthey/standalone/PDS_VD/vdriftXe/vdrift_build/CMakeFiles/3.13.1/CompilerIdCXX/a.out"

Determining if the C compiler works passed with the following output:
Change Dir: /nashome/s/smanthey/standalone/PDS_VD/vdriftXe/vdrift_build/CMakeFiles/CMakeTmp

Run Build Command:"/usr/bin/gmake" "cmTC_5f10e/fast"
/usr/bin/gmake -f CMakeFiles/cmTC_5f10e.dir/build.make CMakeFiles/cmTC_5f10e.dir/build
gmake[1]: se ingresa al directorio `/nashome/s/smanthey/standalone/PDS_VD/vdriftXe/vdrift_build/CMakeFiles/CMakeTmp'
Building C object CMakeFiles/cmTC_5f10e.dir/testCCompiler.c.o
/cvmfs/larsoft.opensciencegrid.org/products/gcc/v9_3_0/Linux64bit+3.10-2.17/bin/cc    -o CMakeFiles/cmTC_5f10e.dir/testCCompiler.c.o   -c /nashome/s/smanthey/standalone/PDS_VD/vdriftXe/vdrift_build/CMakeFiles/CMakeTmp/testCCompiler.c
Linking C executable cmTC_5f10e
/cvmfs/larsoft.opensciencegrid.org/products/cmake/v3_13_1/Linux64bit+3.10-2.17/bin/cmake -E cmake_link_script CMakeFiles/cmTC_5f10e.dir/link.txt --verbose=1
/cvmfs/larsoft.opensciencegrid.org/products/gcc/v9_3_0/Linux64bit+3.10-2.17/bin/cc      -rdynamic CMakeFiles/cmTC_5f10e.dir/testCCompiler.c.o  -o cmTC_5f10e 
gmake[1]: se sale del directorio `/nashome/s/smanthey/standalone/PDS_VD/vdriftXe/vdrift_build/CMakeFiles/CMakeTmp'


Detecting C compiler ABI info compiled with the following output:
Change Dir: /nashome/s/smanthey/standalone/PDS_VD/vdriftXe/vdrift_build/CMakeFiles/CMakeTmp

Run Build Command:"/usr/bin/gmake" "cmTC_53059/fast"
/usr/bin/gmake -f CMakeFiles/cmTC_53059.dir/build.make CMakeFiles/cmTC_53059.dir/build
gmake[1]: se ingresa al directorio `/nashome/s/smanthey/standalone/PDS_VD/vdriftXe/vdrift_build/CMakeFiles/CMakeTmp'
Building C object CMakeFiles/cmTC_53059.dir/CMakeCCompilerABI.c.o
/cvmfs/larsoft.opensciencegrid.org/products/gcc/v9_3_0/Linux64bit+3.10-2.17/bin/cc    -o CMakeFiles/cmTC_53059.dir/CMakeCCompilerABI.c.o   -c /cvmfs/larsoft.opensciencegrid.org/products/cmake/v3_13_1/Linux64bit+3.10-2.17/share/cmake-3.13/Modules/CMakeCCompilerABI.c
Linking C executable cmTC_53059
/cvmfs/larsoft.opensciencegrid.org/products/cmake/v3_13_1/Linux64bit+3.10-2.17/bin/cmake -E cmake_link_script CMakeFiles/cmTC_53059.dir/link.txt --verbose=1
/cvmfs/larsoft.opensciencegrid.org/products/gcc/v9_3_0/Linux64bit+3.10-2.17/bin/cc     -v -rdynamic CMakeFiles/cmTC_53059.dir/CMakeCCompilerABI.c.o  -o cmTC_53059 
Using built-in specs.
COLLECT_GCC=/cvmfs/larsoft.opensciencegrid.org/products/gcc/v9_3_0/Linux64bit+3.10-2.17/bin/cc
COLLECT_LTO_WRAPPER=/cvmfs/larsoft.opensciencegrid.org/products/gcc/v9_3_0/Linux64bit+3.10-2.17/bin/../libexec/gcc/x86_64-pc-linux-gnu/9.3.0/lto-wrapper
Target: x86_64-pc-linux-gnu
Configured with: /scratch/workspace/art-build-base/v11_00_00/SLF7/build/gcc/v9_3_0/src/gcc-9.3.0/configure --prefix=/scratch/workspace/art-build-base/v11_00_00/SLF7/build/gcc/v9_3_0/Linux64bit+3.10-2.17 --disable-libgcj --enable-threads=posix --enable-__cxa_atexit --enable-languages=c,c++,fortran,lto --with-system-zlib --enable-libstdcxx-time=rt --enable-stage1-checking=yes --enable-checking=release --enable-plugin --enable-lto
Thread model: posix
gcc version 9.3.0 (GCC) 
COMPILER_PATH=/cvmfs/larsoft.opensciencegrid.org/products/gcc/v9_3_0/Linux64bit+3.10-2.17/bin/../libexec/gcc/x86_64-pc-linux-gnu/9.3.0/:/cvmfs/larsoft.opensciencegrid.org/products/gcc/v9_3_0/Linux64bit+3.10-2.17/bin/../libexec/gcc/:/cvmfs/larsoft.opensciencegrid.org/products/gcc/v9_3_0/Linux64bit+3.10-2.17/bin/
LIBRARY_PATH=/cvmfs/larsoft.opensciencegrid.org/products/gcc/v9_3_0/Linux64bit+3.10-2.17/bin/../lib/gcc/x86_64-pc-linux-gnu/9.3.0/:/cvmfs/larsoft.opensciencegrid.org/products/gcc/v9_3_0/Linux64bit+3.10-2.17/bin/../lib/gcc/:/cvmfs/larsoft.opensciencegrid.org/products/gcc/v9_3_0/Linux64bit+3.10-2.17/bin/../lib/gcc/x86_64-pc-linux-gnu/9.3.0/../../../../lib64/:/lib/../lib64/:/usr/lib/../lib64/:/cvmfs/larsoft.opensciencegrid.org/products/gcc/v9_3_0/Linux64bit+3.10-2.17/bin/../lib/gcc/x86_64-pc-linux-gnu/9.3.0/../../../:/lib/:/usr/lib/
COLLECT_GCC_OPTIONS='-v' '-rdynamic' '-o' 'cmTC_53059' '-mtune=generic' '-march=x86-64'
 /cvmfs/larsoft.opensciencegrid.org/products/gcc/v9_3_0/Linux64bit+3.10-2.17/bin/../libexec/gcc/x86_64-pc-linux-gnu/9.3.0/collect2 -plugin /cvmfs/larsoft.opensciencegrid.org/products/gcc/v9_3_0/Linux64bit+3.10-2.17/bin/../libexec/gcc/x86_64-pc-linux-gnu/9.3.0/liblto_plugin.so -plugin-opt=/cvmfs/larsoft.opensciencegrid.org/products/gcc/v9_3_0/Linux64bit+3.10-2.17/bin/../libexec/gcc/x86_64-pc-linux-gnu/9.3.0/lto-wrapper -plugin-opt=-fresolution=/tmp/ccIJe4bj.res -plugin-opt=-pass-through=-lgcc -plugin-opt=-pass-through=-lgcc_s -plugin-opt=-pass-through=-lc -plugin-opt=-pass-through=-lgcc -plugin-opt=-pass-through=-lgcc_s --eh-frame-hdr -m elf_x86_64 -export-dynamic -dynamic-linker /lib64/ld-linux-x86-64.so.2 -o cmTC_53059 /lib/../lib64/crt1.o /lib/../lib64/crti.o /cvmfs/larsoft.opensciencegrid.org/products/gcc/v9_3_0/Linux64bit+3.10-2.17/bin/../lib/gcc/x86_64-pc-linux-gnu/9.3.0/crtbegin.o -L/cvmfs/larsoft.opensciencegrid.org/products/gcc/v9_3_0/Linux64bit+3.10-2.17/bin/../lib/gcc/x86_64-pc-linux-gnu/9.3.0 -L/cvmfs/larsoft.opensciencegrid.org/products/gcc/v9_3_0/Linux64bit+3.10-2.17/bin/../lib/gcc -L/cvmfs/larsoft.opensciencegrid.org/products/gcc/v9_3_0/Linux64bit+3.10-2.17/bin/../lib/gcc/x86_64-pc-linux-gnu/9.3.0/../../../../lib64 -L/lib/../lib64 -L/usr/lib/../lib64 -L/cvmfs/larsoft.opensciencegrid.org/products/gcc/v9_3_0/Linux64bit+3.10-2.17/bin/../lib/gcc/x86_64-pc-linux-gnu/9.3.0/../../.. CMakeFiles/cmTC_53059.dir/CMakeCCompilerABI.c.o -lgcc --as-needed -lgcc_s --no-as-needed -lc -lgcc --as-needed -lgcc_s --no-as-needed /cvmfs/larsoft.opensciencegrid.org/products/gcc/v9_3_0/Linux64bit+3.10-2.17/bin/../lib/gcc/x86_64-pc-linux-gnu/9.3.0/crtend.o /lib/../lib64/crtn.o
COLLECT_GCC_OPTIONS='-v' '-rdynamic' '-o' 'cmTC_53059' '-mtune=generic' '-march=x86-64'
gmake[1]: se sale del directorio `/nashome/s/smanthey/standalone/PDS_VD/vdriftXe/vdrift_build/CMakeFiles/CMakeTmp'


Parsed C implicit link information from above output:
  link line regex: [^( *|.*[/\])(ld|CMAKE_LINK_STARTFILE-NOTFOUND|([^/\]+-)?ld|collect2)[^/\]*( |$)]
  ignore line: [Change Dir: /nashome/s/smanthey/standalone/PDS_VD/vdriftXe/vdrift_build/CMakeFiles/CMakeTmp]
  ignore line: []
  ignore line: [Run Build Command:"/usr/bin/gmake" "cmTC_53059/fast"]
  ignore line: [/usr/bin/gmake -f CMakeFiles/cmTC_53059.dir/build.make CMakeFiles/cmTC_53059.dir/build]
  ignore line: [gmake[1]: se ingresa al directorio `/nashome/s/smanthey/standalone/PDS_VD/vdriftXe/vdrift_build/CMakeFiles/CMakeTmp']
  ignore line: [Building C object CMakeFiles/cmTC_53059.dir/CMakeCCompilerABI.c.o]
  ignore line: [/cvmfs/larsoft.opensciencegrid.org/products/gcc/v9_3_0/Linux64bit+3.10-2.17/bin/cc    -o CMakeFiles/cmTC_53059.dir/CMakeCCompilerABI.c.o   -c /cvmfs/larsoft.opensciencegrid.org/products/cmake/v3_13_1/Linux64bit+3.10-2.17/share/cmake-3.13/Modules/CMakeCCompilerABI.c]
  ignore line: [Linking C executable cmTC_53059]
  ignore line: [/cvmfs/larsoft.opensciencegrid.org/products/cmake/v3_13_1/Linux64bit+3.10-2.17/bin/cmake -E cmake_link_script CMakeFiles/cmTC_53059.dir/link.txt --verbose=1]
  ignore line: [/cvmfs/larsoft.opensciencegrid.org/products/gcc/v9_3_0/Linux64bit+3.10-2.17/bin/cc     -v -rdynamic CMakeFiles/cmTC_53059.dir/CMakeCCompilerABI.c.o  -o cmTC_53059 ]
  ignore line: [Using built-in specs.]
  ignore line: [COLLECT_GCC=/cvmfs/larsoft.opensciencegrid.org/products/gcc/v9_3_0/Linux64bit+3.10-2.17/bin/cc]
  ignore line: [COLLECT_LTO_WRAPPER=/cvmfs/larsoft.opensciencegrid.org/products/gcc/v9_3_0/Linux64bit+3.10-2.17/bin/../libexec/gcc/x86_64-pc-linux-gnu/9.3.0/lto-wrapper]
  ignore line: [Target: x86_64-pc-linux-gnu]
  ignore line: [Configured with: /scratch/workspace/art-build-base/v11_00_00/SLF7/build/gcc/v9_3_0/src/gcc-9.3.0/configure --prefix=/scratch/workspace/art-build-base/v11_00_00/SLF7/build/gcc/v9_3_0/Linux64bit+3.10-2.17 --disable-libgcj --enable-threads=posix --enable-__cxa_atexit --enable-languages=c,c++,fortran,lto --with-system-zlib --enable-libstdcxx-time=rt --enable-stage1-checking=yes --enable-checking=release --enable-plugin --enable-lto]
  ignore line: [Thread model: posix]
  ignore line: [gcc version 9.3.0 (GCC) ]
  ignore line: [COMPILER_PATH=/cvmfs/larsoft.opensciencegrid.org/products/gcc/v9_3_0/Linux64bit+3.10-2.17/bin/../libexec/gcc/x86_64-pc-linux-gnu/9.3.0/:/cvmfs/larsoft.opensciencegrid.org/products/gcc/v9_3_0/Linux64bit+3.10-2.17/bin/../libexec/gcc/:/cvmfs/larsoft.opensciencegrid.org/products/gcc/v9_3_0/Linux64bit+3.10-2.17/bin/]
  ignore line: [LIBRARY_PATH=/cvmfs/larsoft.opensciencegrid.org/products/gcc/v9_3_0/Linux64bit+3.10-2.17/bin/../lib/gcc/x86_64-pc-linux-gnu/9.3.0/:/cvmfs/larsoft.opensciencegrid.org/products/gcc/v9_3_0/Linux64bit+3.10-2.17/bin/../lib/gcc/:/cvmfs/larsoft.opensciencegrid.org/products/gcc/v9_3_0/Linux64bit+3.10-2.17/bin/../lib/gcc/x86_64-pc-linux-gnu/9.3.0/../../../../lib64/:/lib/../lib64/:/usr/lib/../lib64/:/cvmfs/larsoft.opensciencegrid.org/products/gcc/v9_3_0/Linux64bit+3.10-2.17/bin/../lib/gcc/x86_64-pc-linux-gnu/9.3.0/../../../:/lib/:/usr/lib/]
  ignore line: [COLLECT_GCC_OPTIONS='-v' '-rdynamic' '-o' 'cmTC_53059' '-mtune=generic' '-march=x86-64']
  link line: [ /cvmfs/larsoft.opensciencegrid.org/products/gcc/v9_3_0/Linux64bit+3.10-2.17/bin/../libexec/gcc/x86_64-pc-linux-gnu/9.3.0/collect2 -plugin /cvmfs/larsoft.opensciencegrid.org/products/gcc/v9_3_0/Linux64bit+3.10-2.17/bin/../libexec/gcc/x86_64-pc-linux-gnu/9.3.0/liblto_plugin.so -plugin-opt=/cvmfs/larsoft.opensciencegrid.org/products/gcc/v9_3_0/Linux64bit+3.10-2.17/bin/../libexec/gcc/x86_64-pc-linux-gnu/9.3.0/lto-wrapper -plugin-opt=-fresolution=/tmp/ccIJe4bj.res -plugin-opt=-pass-through=-lgcc -plugin-opt=-pass-through=-lgcc_s -plugin-opt=-pass-through=-lc -plugin-opt=-pass-through=-lgcc -plugin-opt=-pass-through=-lgcc_s --eh-frame-hdr -m elf_x86_64 -export-dynamic -dynamic-linker /lib64/ld-linux-x86-64.so.2 -o cmTC_53059 /lib/../lib64/crt1.o /lib/../lib64/crti.o /cvmfs/larsoft.opensciencegrid.org/products/gcc/v9_3_0/Linux64bit+3.10-2.17/bin/../lib/gcc/x86_64-pc-linux-gnu/9.3.0/crtbegin.o -L/cvmfs/larsoft.opensciencegrid.org/products/gcc/v9_3_0/Linux64bit+3.10-2.17/bin/../lib/gcc/x86_64-pc-linux-gnu/9.3.0 -L/cvmfs/larsoft.opensciencegrid.org/products/gcc/v9_3_0/Linux64bit+3.10-2.17/bin/../lib/gcc -L/cvmfs/larsoft.opensciencegrid.org/products/gcc/v9_3_0/Linux64bit+3.10-2.17/bin/../lib/gcc/x86_64-pc-linux-gnu/9.3.0/../../../../lib64 -L/lib/../lib64 -L/usr/lib/../lib64 -L/cvmfs/larsoft.opensciencegrid.org/products/gcc/v9_3_0/Linux64bit+3.10-2.17/bin/../lib/gcc/x86_64-pc-linux-gnu/9.3.0/../../.. CMakeFiles/cmTC_53059.dir/CMakeCCompilerABI.c.o -lgcc --as-needed -lgcc_s --no-as-needed -lc -lgcc --as-needed -lgcc_s --no-as-needed /cvmfs/larsoft.opensciencegrid.org/products/gcc/v9_3_0/Linux64bit+3.10-2.17/bin/../lib/gcc/x86_64-pc-linux-gnu/9.3.0/crtend.o /lib/../lib64/crtn.o]
    arg [/cvmfs/larsoft.opensciencegrid.org/products/gcc/v9_3_0/Linux64bit+3.10-2.17/bin/../libexec/gcc/x86_64-pc-linux-gnu/9.3.0/collect2] ==> ignore
    arg [-plugin] ==> ignore
    arg [/cvmfs/larsoft.opensciencegrid.org/products/gcc/v9_3_0/Linux64bit+3.10-2.17/bin/../libexec/gcc/x86_64-pc-linux-gnu/9.3.0/liblto_plugin.so] ==> ignore
    arg [-plugin-opt=/cvmfs/larsoft.opensciencegrid.org/products/gcc/v9_3_0/Linux64bit+3.10-2.17/bin/../libexec/gcc/x86_64-pc-linux-gnu/9.3.0/lto-wrapper] ==> ignore
    arg [-plugin-opt=-fresolution=/tmp/ccIJe4bj.res] ==> ignore
    arg [-plugin-opt=-pass-through=-lgcc] ==> ignore
    arg [-plugin-opt=-pass-through=-lgcc_s] ==> ignore
    arg [-plugin-opt=-pass-through=-lc] ==> ignore
    arg [-plugin-opt=-pass-through=-lgcc] ==> ignore
    arg [-plugin-opt=-pass-through=-lgcc_s] ==> ignore
    arg [--eh-frame-hdr] ==> ignore
    arg [-m] ==> ignore
    arg [elf_x86_64] ==> ignore
    arg [-export-dynamic] ==> ignore
    arg [-dynamic-linker] ==> ignore
    arg [/lib64/ld-linux-x86-64.so.2] ==> ignore
    arg [-o] ==> ignore
    arg [cmTC_53059] ==> ignore
    arg [/lib/../lib64/crt1.o] ==> ignore
    arg [/lib/../lib64/crti.o] ==> ignore
    arg [/cvmfs/larsoft.opensciencegrid.org/products/gcc/v9_3_0/Linux64bit+3.10-2.17/bin/../lib/gcc/x86_64-pc-linux-gnu/9.3.0/crtbegin.o] ==> ignore
    arg [-L/cvmfs/larsoft.opensciencegrid.org/products/gcc/v9_3_0/Linux64bit+3.10-2.17/bin/../lib/gcc/x86_64-pc-linux-gnu/9.3.0] ==> dir [/cvmfs/larsoft.opensciencegrid.org/products/gcc/v9_3_0/Linux64bit+3.10-2.17/bin/../lib/gcc/x86_64-pc-linux-gnu/9.3.0]
    arg [-L/cvmfs/larsoft.opensciencegrid.org/products/gcc/v9_3_0/Linux64bit+3.10-2.17/bin/../lib/gcc] ==> dir [/cvmfs/larsoft.opensciencegrid.org/products/gcc/v9_3_0/Linux64bit+3.10-2.17/bin/../lib/gcc]
    arg [-L/cvmfs/larsoft.opensciencegrid.org/products/gcc/v9_3_0/Linux64bit+3.10-2.17/bin/../lib/gcc/x86_64-pc-linux-gnu/9.3.0/../../../../lib64] ==> dir [/cvmfs/larsoft.opensciencegrid.org/products/gcc/v9_3_0/Linux64bit+3.10-2.17/bin/../lib/gcc/x86_64-pc-linux-gnu/9.3.0/../../../../lib64]
    arg [-L/lib/../lib64] ==> dir [/lib/../lib64]
    arg [-L/usr/lib/../lib64] ==> dir [/usr/lib/../lib64]
    arg [-L/cvmfs/larsoft.opensciencegrid.org/products/gcc/v9_3_0/Linux64bit+3.10-2.17/bin/../lib/gcc/x86_64-pc-linux-gnu/9.3.0/../../..] ==> dir [/cvmfs/larsoft.opensciencegrid.org/products/gcc/v9_3_0/Linux64bit+3.10-2.17/bin/../lib/gcc/x86_64-pc-linux-gnu/9.3.0/../../..]
    arg [CMakeFiles/cmTC_53059.dir/CMakeCCompilerABI.c.o] ==> ignore
    arg [-lgcc] ==> lib [gcc]
    arg [--as-needed] ==> ignore
    arg [-lgcc_s] ==> lib [gcc_s]
    arg [--no-as-needed] ==> ignore
    arg [-lc] ==> lib [c]
    arg [-lgcc] ==> lib [gcc]
    arg [--as-needed] ==> ignore
    arg [-lgcc_s] ==> lib [gcc_s]
    arg [--no-as-needed] ==> ignore
    arg [/cvmfs/larsoft.opensciencegrid.org/products/gcc/v9_3_0/Linux64bit+3.10-2.17/bin/../lib/gcc/x86_64-pc-linux-gnu/9.3.0/crtend.o] ==> ignore
    arg [/lib/../lib64/crtn.o] ==> ignore
  collapse library dir [/cvmfs/larsoft.opensciencegrid.org/products/gcc/v9_3_0/Linux64bit+3.10-2.17/bin/../lib/gcc/x86_64-pc-linux-gnu/9.3.0] ==> [/cvmfs/larsoft.opensciencegrid.org/products/gcc/v9_3_0/Linux64bit+3.10-2.17/lib/gcc/x86_64-pc-linux-gnu/9.3.0]
  collapse library dir [/cvmfs/larsoft.opensciencegrid.org/products/gcc/v9_3_0/Linux64bit+3.10-2.17/bin/../lib/gcc] ==> [/cvmfs/larsoft.opensciencegrid.org/products/gcc/v9_3_0/Linux64bit+3.10-2.17/lib/gcc]
  collapse library dir [/cvmfs/larsoft.opensciencegrid.org/products/gcc/v9_3_0/Linux64bit+3.10-2.17/bin/../lib/gcc/x86_64-pc-linux-gnu/9.3.0/../../../../lib64] ==> [/cvmfs/larsoft.opensciencegrid.org/products/gcc/v9_3_0/Linux64bit+3.10-2.17/lib64]
  collapse library dir [/lib/../lib64] ==> [/lib64]
  collapse library dir [/usr/lib/../lib64] ==> [/usr/lib64]
  collapse library dir [/cvmfs/larsoft.opensciencegrid.org/products/gcc/v9_3_0/Linux64bit+3.10-2.17/bin/../lib/gcc/x86_64-pc-linux-gnu/9.3.0/../../..] ==> [/cvmfs/larsoft.opensciencegrid.org/products/gcc/v9_3_0/Linux64bit+3.10-2.17/lib]
  implicit libs: [gcc;gcc_s;c;gcc;gcc_s]
  implicit dirs: [/cvmfs/larsoft.opensciencegrid.org/products/gcc/v9_3_0/Linux64bit+3.10-2.17/lib/gcc/x86_64-pc-linux-gnu/9.3.0;/cvmfs/larsoft.opensciencegrid.org/products/gcc/v9_3_0/Linux64bit+3.10-2.17/lib/gcc;/cvmfs/larsoft.opensciencegrid.org/products/gcc/v9_3_0/Linux64bit+3.10-2.17/lib64;/lib64;/usr/lib64;/cvmfs/larsoft.opensciencegrid.org/products/gcc/v9_3_0/Linux64bit+3.10-2.17/lib]
  implicit fwks: []




Detecting C [-std=c11] compiler features compiled with the following output:
Change Dir: /nashome/s/smanthey/standalone/PDS_VD/vdriftXe/vdrift_build/CMakeFiles/CMakeTmp

Run Build Command:"/usr/bin/gmake" "cmTC_3fb81/fast"
/usr/bin/gmake -f CMakeFiles/cmTC_3fb81.dir/build.make CMakeFiles/cmTC_3fb81.dir/build
gmake[1]: se ingresa al directorio `/nashome/s/smanthey/standalone/PDS_VD/vdriftXe/vdrift_build/CMakeFiles/CMakeTmp'
Building C object CMakeFiles/cmTC_3fb81.dir/feature_tests.c.o
/cvmfs/larsoft.opensciencegrid.org/products/gcc/v9_3_0/Linux64bit+3.10-2.17/bin/cc   -std=c11 -o CMakeFiles/cmTC_3fb81.dir/feature_tests.c.o   -c /nashome/s/smanthey/standalone/PDS_VD/vdriftXe/vdrift_build/CMakeFiles/feature_tests.c
Linking C executable cmTC_3fb81
/cvmfs/larsoft.opensciencegrid.org/products/cmake/v3_13_1/Linux64bit+3.10-2.17/bin/cmake -E cmake_link_script CMakeFiles/cmTC_3fb81.dir/link.txt --verbose=1
/cvmfs/larsoft.opensciencegrid.org/products/gcc/v9_3_0/Linux64bit+3.10-2.17/bin/cc      -rdynamic CMakeFiles/cmTC_3fb81.dir/feature_tests.c.o  -o cmTC_3fb81 
gmake[1]: se sale del directorio `/nashome/s/smanthey/standalone/PDS_VD/vdriftXe/vdrift_build/CMakeFiles/CMakeTmp'


    Feature record: C_FEATURE:1c_function_prototypes
    Feature record: C_FEATURE:1c_restrict
    Feature record: C_FEATURE:1c_static_assert
    Feature record: C_FEATURE:1c_variadic_macros


Detecting C [-std=c99] compiler features compiled with the following output:
Change Dir: /nashome/s/smanthey/standalone/PDS_VD/vdriftXe/vdrift_build/CMakeFiles/CMakeTmp

Run Build Command:"/usr/bin/gmake" "cmTC_d7a7e/fast"
/usr/bin/gmake -f CMakeFiles/cmTC_d7a7e.dir/build.make CMakeFiles/cmTC_d7a7e.dir/build
gmake[1]: se ingresa al directorio `/nashome/s/smanthey/standalone/PDS_VD/vdriftXe/vdrift_build/CMakeFiles/CMakeTmp'
Building C object CMakeFiles/cmTC_d7a7e.dir/feature_tests.c.o
/cvmfs/larsoft.opensciencegrid.org/products/gcc/v9_3_0/Linux64bit+3.10-2.17/bin/cc   -std=c99 -o CMakeFiles/cmTC_d7a7e.dir/feature_tests.c.o   -c /nashome/s/smanthey/standalone/PDS_VD/vdriftXe/vdrift_build/CMakeFiles/feature_tests.c
Linking C executable cmTC_d7a7e
/cvmfs/larsoft.opensciencegrid.org/products/cmake/v3_13_1/Linux64bit+3.10-2.17/bin/cmake -E cmake_link_script CMakeFiles/cmTC_d7a7e.dir/link.txt --verbose=1
/cvmfs/larsoft.opensciencegrid.org/products/gcc/v9_3_0/Linux64bit+3.10-2.17/bin/cc      -rdynamic CMakeFiles/cmTC_d7a7e.dir/feature_tests.c.o  -o cmTC_d7a7e 
gmake[1]: se sale del directorio `/nashome/s/smanthey/standalone/PDS_VD/vdriftXe/vdrift_build/CMakeFiles/CMakeTmp'


    Feature record: C_FEATURE:1c_function_prototypes
    Feature record: C_FEATURE:1c_restrict
    Feature record: C_FEATURE:0c_static_assert
    Feature record: C_FEATURE:1c_variadic_macros


Detecting C [-std=c90] compiler features compiled with the following output:
Change Dir: /nashome/s/smanthey/standalone/PDS_VD/vdriftXe/vdrift_build/CMakeFiles/CMakeTmp

Run Build Command:"/usr/bin/gmake" "cmTC_01c74/fast"
/usr/bin/gmake -f CMakeFiles/cmTC_01c74.dir/build.make CMakeFiles/cmTC_01c74.dir/build
gmake[1]: se ingresa al directorio `/nashome/s/smanthey/standalone/PDS_VD/vdriftXe/vdrift_build/CMakeFiles/CMakeTmp'
Building C object CMakeFiles/cmTC_01c74.dir/feature_tests.c.o
/cvmfs/larsoft.opensciencegrid.org/products/gcc/v9_3_0/Linux64bit+3.10-2.17/bin/cc   -std=c90 -o CMakeFiles/cmTC_01c74.dir/feature_tests.c.o   -c /nashome/s/smanthey/standalone/PDS_VD/vdriftXe/vdrift_build/CMakeFiles/feature_tests.c
Linking C executable cmTC_01c74
/cvmfs/larsoft.opensciencegrid.org/products/cmake/v3_13_1/Linux64bit+3.10-2.17/bin/cmake -E cmake_link_script CMakeFiles/cmTC_01c74.dir/link.txt --verbose=1
/cvmfs/larsoft.opensciencegrid.org/products/gcc/v9_3_0/Linux64bit+3.10-2.17/bin/cc      -rdynamic CMakeFiles/cmTC_01c74.dir/feature_tests.c.o  -o cmTC_01c74 
gmake[1]: se sale del directorio `/nashome/s/smanthey/standalone/PDS_VD/vdriftXe/vdrift_build/CMakeFiles/CMakeTmp'


    Feature record: C_FEATURE:1c_function_prototypes
    Feature record: C_FEATURE:0c_restrict
    Feature record: C_FEATURE:0c_static_assert
    Feature record: C_FEATURE:0c_variadic_macros
Determining if the CXX compiler works passed with the following output:
Change Dir: /nashome/s/smanthey/standalone/PDS_VD/vdriftXe/vdrift_build/CMakeFiles/CMakeTmp

Run Build Command:"/usr/bin/gmake" "cmTC_c4745/fast"
/usr/bin/gmake -f CMakeFiles/cmTC_c4745.dir/build.make CMakeFiles/cmTC_c4745.dir/build
gmake[1]: se ingresa al directorio `/nashome/s/smanthey/standalone/PDS_VD/vdriftXe/vdrift_build/CMakeFiles/CMakeTmp'
Building CXX object CMakeFiles/cmTC_c4745.dir/testCXXCompiler.cxx.o
/cvmfs/larsoft.opensciencegrid.org/products/gcc/v9_3_0/Linux64bit+3.10-2.17/bin/c++     -o CMakeFiles/cmTC_c4745.dir/testCXXCompiler.cxx.o -c /nashome/s/smanthey/standalone/PDS_VD/vdriftXe/vdrift_build/CMakeFiles/CMakeTmp/testCXXCompiler.cxx
Linking CXX executable cmTC_c4745
/cvmfs/larsoft.opensciencegrid.org/products/cmake/v3_13_1/Linux64bit+3.10-2.17/bin/cmake -E cmake_link_script CMakeFiles/cmTC_c4745.dir/link.txt --verbose=1
/cvmfs/larsoft.opensciencegrid.org/products/gcc/v9_3_0/Linux64bit+3.10-2.17/bin/c++       -rdynamic CMakeFiles/cmTC_c4745.dir/testCXXCompiler.cxx.o  -o cmTC_c4745 
gmake[1]: se sale del directorio `/nashome/s/smanthey/standalone/PDS_VD/vdriftXe/vdrift_build/CMakeFiles/CMakeTmp'


Detecting CXX compiler ABI info compiled with the following output:
Change Dir: /nashome/s/smanthey/standalone/PDS_VD/vdriftXe/vdrift_build/CMakeFiles/CMakeTmp

Run Build Command:"/usr/bin/gmake" "cmTC_0e8fd/fast"
/usr/bin/gmake -f CMakeFiles/cmTC_0e8fd.dir/build.make CMakeFiles/cmTC_0e8fd.dir/build
gmake[1]: se ingresa al directorio `/nashome/s/smanthey/standalone/PDS_VD/vdriftXe/vdrift_build/CMakeFiles/CMakeTmp'
Building CXX object CMakeFiles/cmTC_0e8fd.dir/CMakeCXXCompilerABI.cpp.o
/cvmfs/larsoft.opensciencegrid.org/products/gcc/v9_3_0/Linux64bit+3.10-2.17/bin/c++     -o CMakeFiles/cmTC_0e8fd.dir/CMakeCXXCompilerABI.cpp.o -c /cvmfs/larsoft.opensciencegrid.org/products/cmake/v3_13_1/Linux64bit+3.10-2.17/share/cmake-3.13/Modules/CMakeCXXCompilerABI.cpp
Linking CXX executable cmTC_0e8fd
/cvmfs/larsoft.opensciencegrid.org/products/cmake/v3_13_1/Linux64bit+3.10-2.17/bin/cmake -E cmake_link_script CMakeFiles/cmTC_0e8fd.dir/link.txt --verbose=1
/cvmfs/larsoft.opensciencegrid.org/products/gcc/v9_3_0/Linux64bit+3.10-2.17/bin/c++      -v -rdynamic CMakeFiles/cmTC_0e8fd.dir/CMakeCXXCompilerABI.cpp.o  -o cmTC_0e8fd 
Using built-in specs.
COLLECT_GCC=/cvmfs/larsoft.opensciencegrid.org/products/gcc/v9_3_0/Linux64bit+3.10-2.17/bin/c++
COLLECT_LTO_WRAPPER=/cvmfs/larsoft.opensciencegrid.org/products/gcc/v9_3_0/Linux64bit+3.10-2.17/bin/../libexec/gcc/x86_64-pc-linux-gnu/9.3.0/lto-wrapper
Target: x86_64-pc-linux-gnu
Configured with: /scratch/workspace/art-build-base/v11_00_00/SLF7/build/gcc/v9_3_0/src/gcc-9.3.0/configure --prefix=/scratch/workspace/art-build-base/v11_00_00/SLF7/build/gcc/v9_3_0/Linux64bit+3.10-2.17 --disable-libgcj --enable-threads=posix --enable-__cxa_atexit --enable-languages=c,c++,fortran,lto --with-system-zlib --enable-libstdcxx-time=rt --enable-stage1-checking=yes --enable-checking=release --enable-plugin --enable-lto
Thread model: posix
gcc version 9.3.0 (GCC) 
COMPILER_PATH=/cvmfs/larsoft.opensciencegrid.org/products/gcc/v9_3_0/Linux64bit+3.10-2.17/bin/../libexec/gcc/x86_64-pc-linux-gnu/9.3.0/:/cvmfs/larsoft.opensciencegrid.org/products/gcc/v9_3_0/Linux64bit+3.10-2.17/bin/../libexec/gcc/:/cvmfs/larsoft.opensciencegrid.org/products/gcc/v9_3_0/Linux64bit+3.10-2.17/bin/
LIBRARY_PATH=/cvmfs/larsoft.opensciencegrid.org/products/gcc/v9_3_0/Linux64bit+3.10-2.17/bin/../lib/gcc/x86_64-pc-linux-gnu/9.3.0/:/cvmfs/larsoft.opensciencegrid.org/products/gcc/v9_3_0/Linux64bit+3.10-2.17/bin/../lib/gcc/:/cvmfs/larsoft.opensciencegrid.org/products/gcc/v9_3_0/Linux64bit+3.10-2.17/bin/../lib/gcc/x86_64-pc-linux-gnu/9.3.0/../../../../lib64/:/lib/../lib64/:/usr/lib/../lib64/:/cvmfs/larsoft.opensciencegrid.org/products/gcc/v9_3_0/Linux64bit+3.10-2.17/bin/../lib/gcc/x86_64-pc-linux-gnu/9.3.0/../../../:/lib/:/usr/lib/
COLLECT_GCC_OPTIONS='-v' '-rdynamic' '-o' 'cmTC_0e8fd' '-shared-libgcc' '-mtune=generic' '-march=x86-64'
 /cvmfs/larsoft.opensciencegrid.org/products/gcc/v9_3_0/Linux64bit+3.10-2.17/bin/../libexec/gcc/x86_64-pc-linux-gnu/9.3.0/collect2 -plugin /cvmfs/larsoft.opensciencegrid.org/products/gcc/v9_3_0/Linux64bit+3.10-2.17/bin/../libexec/gcc/x86_64-pc-linux-gnu/9.3.0/liblto_plugin.so -plugin-opt=/cvmfs/larsoft.opensciencegrid.org/products/gcc/v9_3_0/Linux64bit+3.10-2.17/bin/../libexec/gcc/x86_64-pc-linux-gnu/9.3.0/lto-wrapper -plugin-opt=-fresolution=/tmp/cc7PFDzw.res -plugin-opt=-pass-through=-lgcc_s -plugin-opt=-pass-through=-lgcc -plugin-opt=-pass-through=-lc -plugin-opt=-pass-through=-lgcc_s -plugin-opt=-pass-through=-lgcc --eh-frame-hdr -m elf_x86_64 -export-dynamic -dynamic-linker /lib64/ld-linux-x86-64.so.2 -o cmTC_0e8fd /lib/../lib64/crt1.o /lib/../lib64/crti.o /cvmfs/larsoft.opensciencegrid.org/products/gcc/v9_3_0/Linux64bit+3.10-2.17/bin/../lib/gcc/x86_64-pc-linux-gnu/9.3.0/crtbegin.o -L/cvmfs/larsoft.opensciencegrid.org/products/gcc/v9_3_0/Linux64bit+3.10-2.17/bin/../lib/gcc/x86_64-pc-linux-gnu/9.3.0 -L/cvmfs/larsoft.opensciencegrid.org/products/gcc/v9_3_0/Linux64bit+3.10-2.17/bin/../lib/gcc -L/cvmfs/larsoft.opensciencegrid.org/products/gcc/v9_3_0/Linux64bit+3.10-2.17/bin/../lib/gcc/x86_64-pc-linux-gnu/9.3.0/../../../../lib64 -L/lib/../lib64 -L/usr/lib/../lib64 -L/cvmfs/larsoft.opensciencegrid.org/products/gcc/v9_3_0/Linux64bit+3.10-2.17/bin/../lib/gcc/x86_64-pc-linux-gnu/9.3.0/../../.. CMakeFiles/cmTC_0e8fd.dir/CMakeCXXCompilerABI.cpp.o -lstdc++ -lm -lgcc_s -lgcc -lc -lgcc_s -lgcc /cvmfs/larsoft.opensciencegrid.org/products/gcc/v9_3_0/Linux64bit+3.10-2.17/bin/../lib/gcc/x86_64-pc-linux-gnu/9.3.0/crtend.o /lib/../lib64/crtn.o
COLLECT_GCC_OPTIONS='-v' '-rdynamic' '-o' 'cmTC_0e8fd' '-shared-libgcc' '-mtune=generic' '-march=x86-64'
gmake[1]: se sale del directorio `/nashome/s/smanthey/standalone/PDS_VD/vdriftXe/vdrift_build/CMakeFiles/CMakeTmp'


Parsed CXX implicit link information from above output:
  link line regex: [^( *|.*[/\])(ld|CMAKE_LINK_STARTFILE-NOTFOUND|([^/\]+-)?ld|collect2)[^/\]*( |$)]
  ignore line: [Change Dir: /nashome/s/smanthey/standalone/PDS_VD/vdriftXe/vdrift_build/CMakeFiles/CMakeTmp]
  ignore line: []
  ignore line: [Run Build Command:"/usr/bin/gmake" "cmTC_0e8fd/fast"]
  ignore line: [/usr/bin/gmake -f CMakeFiles/cmTC_0e8fd.dir/build.make CMakeFiles/cmTC_0e8fd.dir/build]
  ignore line: [gmake[1]: se ingresa al directorio `/nashome/s/smanthey/standalone/PDS_VD/vdriftXe/vdrift_build/CMakeFiles/CMakeTmp']
  ignore line: [Building CXX object CMakeFiles/cmTC_0e8fd.dir/CMakeCXXCompilerABI.cpp.o]
  ignore line: [/cvmfs/larsoft.opensciencegrid.org/products/gcc/v9_3_0/Linux64bit+3.10-2.17/bin/c++     -o CMakeFiles/cmTC_0e8fd.dir/CMakeCXXCompilerABI.cpp.o -c /cvmfs/larsoft.opensciencegrid.org/products/cmake/v3_13_1/Linux64bit+3.10-2.17/share/cmake-3.13/Modules/CMakeCXXCompilerABI.cpp]
  ignore line: [Linking CXX executable cmTC_0e8fd]
  ignore line: [/cvmfs/larsoft.opensciencegrid.org/products/cmake/v3_13_1/Linux64bit+3.10-2.17/bin/cmake -E cmake_link_script CMakeFiles/cmTC_0e8fd.dir/link.txt --verbose=1]
  ignore line: [/cvmfs/larsoft.opensciencegrid.org/products/gcc/v9_3_0/Linux64bit+3.10-2.17/bin/c++      -v -rdynamic CMakeFiles/cmTC_0e8fd.dir/CMakeCXXCompilerABI.cpp.o  -o cmTC_0e8fd ]
  ignore line: [Using built-in specs.]
  ignore line: [COLLECT_GCC=/cvmfs/larsoft.opensciencegrid.org/products/gcc/v9_3_0/Linux64bit+3.10-2.17/bin/c++]
  ignore line: [COLLECT_LTO_WRAPPER=/cvmfs/larsoft.opensciencegrid.org/products/gcc/v9_3_0/Linux64bit+3.10-2.17/bin/../libexec/gcc/x86_64-pc-linux-gnu/9.3.0/lto-wrapper]
  ignore line: [Target: x86_64-pc-linux-gnu]
  ignore line: [Configured with: /scratch/workspace/art-build-base/v11_00_00/SLF7/build/gcc/v9_3_0/src/gcc-9.3.0/configure --prefix=/scratch/workspace/art-build-base/v11_00_00/SLF7/build/gcc/v9_3_0/Linux64bit+3.10-2.17 --disable-libgcj --enable-threads=posix --enable-__cxa_atexit --enable-languages=c,c++,fortran,lto --with-system-zlib --enable-libstdcxx-time=rt --enable-stage1-checking=yes --enable-checking=release --enable-plugin --enable-lto]
  ignore line: [Thread model: posix]
  ignore line: [gcc version 9.3.0 (GCC) ]
  ignore line: [COMPILER_PATH=/cvmfs/larsoft.opensciencegrid.org/products/gcc/v9_3_0/Linux64bit+3.10-2.17/bin/../libexec/gcc/x86_64-pc-linux-gnu/9.3.0/:/cvmfs/larsoft.opensciencegrid.org/products/gcc/v9_3_0/Linux64bit+3.10-2.17/bin/../libexec/gcc/:/cvmfs/larsoft.opensciencegrid.org/products/gcc/v9_3_0/Linux64bit+3.10-2.17/bin/]
  ignore line: [LIBRARY_PATH=/cvmfs/larsoft.opensciencegrid.org/products/gcc/v9_3_0/Linux64bit+3.10-2.17/bin/../lib/gcc/x86_64-pc-linux-gnu/9.3.0/:/cvmfs/larsoft.opensciencegrid.org/products/gcc/v9_3_0/Linux64bit+3.10-2.17/bin/../lib/gcc/:/cvmfs/larsoft.opensciencegrid.org/products/gcc/v9_3_0/Linux64bit+3.10-2.17/bin/../lib/gcc/x86_64-pc-linux-gnu/9.3.0/../../../../lib64/:/lib/../lib64/:/usr/lib/../lib64/:/cvmfs/larsoft.opensciencegrid.org/products/gcc/v9_3_0/Linux64bit+3.10-2.17/bin/../lib/gcc/x86_64-pc-linux-gnu/9.3.0/../../../:/lib/:/usr/lib/]
  ignore line: [COLLECT_GCC_OPTIONS='-v' '-rdynamic' '-o' 'cmTC_0e8fd' '-shared-libgcc' '-mtune=generic' '-march=x86-64']
  link line: [ /cvmfs/larsoft.opensciencegrid.org/products/gcc/v9_3_0/Linux64bit+3.10-2.17/bin/../libexec/gcc/x86_64-pc-linux-gnu/9.3.0/collect2 -plugin /cvmfs/larsoft.opensciencegrid.org/products/gcc/v9_3_0/Linux64bit+3.10-2.17/bin/../libexec/gcc/x86_64-pc-linux-gnu/9.3.0/liblto_plugin.so -plugin-opt=/cvmfs/larsoft.opensciencegrid.org/products/gcc/v9_3_0/Linux64bit+3.10-2.17/bin/../libexec/gcc/x86_64-pc-linux-gnu/9.3.0/lto-wrapper -plugin-opt=-fresolution=/tmp/cc7PFDzw.res -plugin-opt=-pass-through=-lgcc_s -plugin-opt=-pass-through=-lgcc -plugin-opt=-pass-through=-lc -plugin-opt=-pass-through=-lgcc_s -plugin-opt=-pass-through=-lgcc --eh-frame-hdr -m elf_x86_64 -export-dynamic -dynamic-linker /lib64/ld-linux-x86-64.so.2 -o cmTC_0e8fd /lib/../lib64/crt1.o /lib/../lib64/crti.o /cvmfs/larsoft.opensciencegrid.org/products/gcc/v9_3_0/Linux64bit+3.10-2.17/bin/../lib/gcc/x86_64-pc-linux-gnu/9.3.0/crtbegin.o -L/cvmfs/larsoft.opensciencegrid.org/products/gcc/v9_3_0/Linux64bit+3.10-2.17/bin/../lib/gcc/x86_64-pc-linux-gnu/9.3.0 -L/cvmfs/larsoft.opensciencegrid.org/products/gcc/v9_3_0/Linux64bit+3.10-2.17/bin/../lib/gcc -L/cvmfs/larsoft.opensciencegrid.org/products/gcc/v9_3_0/Linux64bit+3.10-2.17/bin/../lib/gcc/x86_64-pc-linux-gnu/9.3.0/../../../../lib64 -L/lib/../lib64 -L/usr/lib/../lib64 -L/cvmfs/larsoft.opensciencegrid.org/products/gcc/v9_3_0/Linux64bit+3.10-2.17/bin/../lib/gcc/x86_64-pc-linux-gnu/9.3.0/../../.. CMakeFiles/cmTC_0e8fd.dir/CMakeCXXCompilerABI.cpp.o -lstdc++ -lm -lgcc_s -lgcc -lc -lgcc_s -lgcc /cvmfs/larsoft.opensciencegrid.org/products/gcc/v9_3_0/Linux64bit+3.10-2.17/bin/../lib/gcc/x86_64-pc-linux-gnu/9.3.0/crtend.o /lib/../lib64/crtn.o]
    arg [/cvmfs/larsoft.opensciencegrid.org/products/gcc/v9_3_0/Linux64bit+3.10-2.17/bin/../libexec/gcc/x86_64-pc-linux-gnu/9.3.0/collect2] ==> ignore
    arg [-plugin] ==> ignore
    arg [/cvmfs/larsoft.opensciencegrid.org/products/gcc/v9_3_0/Linux64bit+3.10-2.17/bin/../libexec/gcc/x86_64-pc-linux-gnu/9.3.0/liblto_plugin.so] ==> ignore
    arg [-plugin-opt=/cvmfs/larsoft.opensciencegrid.org/products/gcc/v9_3_0/Linux64bit+3.10-2.17/bin/../libexec/gcc/x86_64-pc-linux-gnu/9.3.0/lto-wrapper] ==> ignore
    arg [-plugin-opt=-fresolution=/tmp/cc7PFDzw.res] ==> ignore
    arg [-plugin-opt=-pass-through=-lgcc_s] ==> ignore
    arg [-plugin-opt=-pass-through=-lgcc] ==> ignore
    arg [-plugin-opt=-pass-through=-lc] ==> ignore
    arg [-plugin-opt=-pass-through=-lgcc_s] ==> ignore
    arg [-plugin-opt=-pass-through=-lgcc] ==> ignore
    arg [--eh-frame-hdr] ==> ignore
    arg [-m] ==> ignore
    arg [elf_x86_64] ==> ignore
    arg [-export-dynamic] ==> ignore
    arg [-dynamic-linker] ==> ignore
    arg [/lib64/ld-linux-x86-64.so.2] ==> ignore
    arg [-o] ==> ignore
    arg [cmTC_0e8fd] ==> ignore
    arg [/lib/../lib64/crt1.o] ==> ignore
    arg [/lib/../lib64/crti.o] ==> ignore
    arg [/cvmfs/larsoft.opensciencegrid.org/products/gcc/v9_3_0/Linux64bit+3.10-2.17/bin/../lib/gcc/x86_64-pc-linux-gnu/9.3.0/crtbegin.o] ==> ignore
    arg [-L/cvmfs/larsoft.opensciencegrid.org/products/gcc/v9_3_0/Linux64bit+3.10-2.17/bin/../lib/gcc/x86_64-pc-linux-gnu/9.3.0] ==> dir [/cvmfs/larsoft.opensciencegrid.org/products/gcc/v9_3_0/Linux64bit+3.10-2.17/bin/../lib/gcc/x86_64-pc-linux-gnu/9.3.0]
    arg [-L/cvmfs/larsoft.opensciencegrid.org/products/gcc/v9_3_0/Linux64bit+3.10-2.17/bin/../lib/gcc] ==> dir [/cvmfs/larsoft.opensciencegrid.org/products/gcc/v9_3_0/Linux64bit+3.10-2.17/bin/../lib/gcc]
    arg [-L/cvmfs/larsoft.opensciencegrid.org/products/gcc/v9_3_0/Linux64bit+3.10-2.17/bin/../lib/gcc/x86_64-pc-linux-gnu/9.3.0/../../../../lib64] ==> dir [/cvmfs/larsoft.opensciencegrid.org/products/gcc/v9_3_0/Linux64bit+3.10-2.17/bin/../lib/gcc/x86_64-pc-linux-gnu/9.3.0/../../../../lib64]
    arg [-L/lib/../lib64] ==> dir [/lib/../lib64]
    arg [-L/usr/lib/../lib64] ==> dir [/usr/lib/../lib64]
    arg [-L/cvmfs/larsoft.opensciencegrid.org/products/gcc/v9_3_0/Linux64bit+3.10-2.17/bin/../lib/gcc/x86_64-pc-linux-gnu/9.3.0/../../..] ==> dir [/cvmfs/larsoft.opensciencegrid.org/products/gcc/v9_3_0/Linux64bit+3.10-2.17/bin/../lib/gcc/x86_64-pc-linux-gnu/9.3.0/../../..]
    arg [CMakeFiles/cmTC_0e8fd.dir/CMakeCXXCompilerABI.cpp.o] ==> ignore
    arg [-lstdc++] ==> lib [stdc++]
    arg [-lm] ==> lib [m]
    arg [-lgcc_s] ==> lib [gcc_s]
    arg [-lgcc] ==> lib [gcc]
    arg [-lc] ==> lib [c]
    arg [-lgcc_s] ==> lib [gcc_s]
    arg [-lgcc] ==> lib [gcc]
    arg [/cvmfs/larsoft.opensciencegrid.org/products/gcc/v9_3_0/Linux64bit+3.10-2.17/bin/../lib/gcc/x86_64-pc-linux-gnu/9.3.0/crtend.o] ==> ignore
    arg [/lib/../lib64/crtn.o] ==> ignore
  collapse library dir [/cvmfs/larsoft.opensciencegrid.org/products/gcc/v9_3_0/Linux64bit+3.10-2.17/bin/../lib/gcc/x86_64-pc-linux-gnu/9.3.0] ==> [/cvmfs/larsoft.opensciencegrid.org/products/gcc/v9_3_0/Linux64bit+3.10-2.17/lib/gcc/x86_64-pc-linux-gnu/9.3.0]
  collapse library dir [/cvmfs/larsoft.opensciencegrid.org/products/gcc/v9_3_0/Linux64bit+3.10-2.17/bin/../lib/gcc] ==> [/cvmfs/larsoft.opensciencegrid.org/products/gcc/v9_3_0/Linux64bit+3.10-2.17/lib/gcc]
  collapse library dir [/cvmfs/larsoft.opensciencegrid.org/products/gcc/v9_3_0/Linux64bit+3.10-2.17/bin/../lib/gcc/x86_64-pc-linux-gnu/9.3.0/../../../../lib64] ==> [/cvmfs/larsoft.opensciencegrid.org/products/gcc/v9_3_0/Linux64bit+3.10-2.17/lib64]
  collapse library dir [/lib/../lib64] ==> [/lib64]
  collapse library dir [/usr/lib/../lib64] ==> [/usr/lib64]
  collapse library dir [/cvmfs/larsoft.opensciencegrid.org/products/gcc/v9_3_0/Linux64bit+3.10-2.17/bin/../lib/gcc/x86_64-pc-linux-gnu/9.3.0/../../..] ==> [/cvmfs/larsoft.opensciencegrid.org/products/gcc/v9_3_0/Linux64bit+3.10-2.17/lib]
  implicit libs: [stdc++;m;gcc_s;gcc;c;gcc_s;gcc]
  implicit dirs: [/cvmfs/larsoft.opensciencegrid.org/products/gcc/v9_3_0/Linux64bit+3.10-2.17/lib/gcc/x86_64-pc-linux-gnu/9.3.0;/cvmfs/larsoft.opensciencegrid.org/products/gcc/v9_3_0/Linux64bit+3.10-2.17/lib/gcc;/cvmfs/larsoft.opensciencegrid.org/products/gcc/v9_3_0/Linux64bit+3.10-2.17/lib64;/lib64;/usr/lib64;/cvmfs/larsoft.opensciencegrid.org/products/gcc/v9_3_0/Linux64bit+3.10-2.17/lib]
  implicit fwks: []




Detecting CXX [-std=c++2a] compiler features compiled with the following output:
Change Dir: /nashome/s/smanthey/standalone/PDS_VD/vdriftXe/vdrift_build/CMakeFiles/CMakeTmp

Run Build Command:"/usr/bin/gmake" "cmTC_0fa2a/fast"
/usr/bin/gmake -f CMakeFiles/cmTC_0fa2a.dir/build.make CMakeFiles/cmTC_0fa2a.dir/build
gmake[1]: se ingresa al directorio `/nashome/s/smanthey/standalone/PDS_VD/vdriftXe/vdrift_build/CMakeFiles/CMakeTmp'
Building CXX object CMakeFiles/cmTC_0fa2a.dir/feature_tests.cxx.o
/cvmfs/larsoft.opensciencegrid.org/products/gcc/v9_3_0/Linux64bit+3.10-2.17/bin/c++    -std=c++2a -o CMakeFiles/cmTC_0fa2a.dir/feature_tests.cxx.o -c /nashome/s/smanthey/standalone/PDS_VD/vdriftXe/vdrift_build/CMakeFiles/feature_tests.cxx
Linking CXX executable cmTC_0fa2a
/cvmfs/larsoft.opensciencegrid.org/products/cmake/v3_13_1/Linux64bit+3.10-2.17/bin/cmake -E cmake_link_script CMakeFiles/cmTC_0fa2a.dir/link.txt --verbose=1
/cvmfs/larsoft.opensciencegrid.org/products/gcc/v9_3_0/Linux64bit+3.10-2.17/bin/c++       -rdynamic CMakeFiles/cmTC_0fa2a.dir/feature_tests.cxx.o  -o cmTC_0fa2a 
gmake[1]: se sale del directorio `/nashome/s/smanthey/standalone/PDS_VD/vdriftXe/vdrift_build/CMakeFiles/CMakeTmp'


    Feature record: CXX_FEATURE:1cxx_aggregate_default_initializers
    Feature record: CXX_FEATURE:1cxx_alias_templates
    Feature record: CXX_FEATURE:1cxx_alignas
    Feature record: CXX_FEATURE:1cxx_alignof
    Feature record: CXX_FEATURE:1cxx_attributes
    Feature record: CXX_FEATURE:1cxx_attribute_deprecated
    Feature record: CXX_FEATURE:1cxx_auto_type
    Feature record: CXX_FEATURE:1cxx_binary_literals
    Feature record: CXX_FEATURE:1cxx_constexpr
    Feature record: CXX_FEATURE:1cxx_contextual_conversions
    Feature record: CXX_FEATURE:1cxx_decltype
    Feature record: CXX_FEATURE:1cxx_decltype_auto
    Feature record: CXX_FEATURE:1cxx_decltype_incomplete_return_types
    Feature record: CXX_FEATURE:1cxx_default_function_template_args
    Feature record: CXX_FEATURE:1cxx_defaulted_functions
    Feature record: CXX_FEATURE:1cxx_defaulted_move_initializers
    Feature record: CXX_FEATURE:1cxx_delegating_constructors
    Feature record: CXX_FEATURE:1cxx_deleted_functions
    Feature record: CXX_FEATURE:1cxx_digit_separators
    Feature record: CXX_FEATURE:1cxx_enum_forward_declarations
    Feature record: CXX_FEATURE:1cxx_explicit_conversions
    Feature record: CXX_FEATURE:1cxx_extended_friend_declarations
    Feature record: CXX_FEATURE:1cxx_extern_templates
    Feature record: CXX_FEATURE:1cxx_final
    Feature record: CXX_FEATURE:1cxx_func_identifier
    Feature record: CXX_FEATURE:1cxx_generalized_initializers
    Feature record: CXX_FEATURE:1cxx_generic_lambdas
    Feature record: CXX_FEATURE:1cxx_inheriting_constructors
    Feature record: CXX_FEATURE:1cxx_inline_namespaces
    Feature record: CXX_FEATURE:1cxx_lambdas
    Feature record: CXX_FEATURE:1cxx_lambda_init_captures
    Feature record: CXX_FEATURE:1cxx_local_type_template_args
    Feature record: CXX_FEATURE:1cxx_long_long_type
    Feature record: CXX_FEATURE:1cxx_noexcept
    Feature record: CXX_FEATURE:1cxx_nonstatic_member_init
    Feature record: CXX_FEATURE:1cxx_nullptr
    Feature record: CXX_FEATURE:1cxx_override
    Feature record: CXX_FEATURE:1cxx_range_for
    Feature record: CXX_FEATURE:1cxx_raw_string_literals
    Feature record: CXX_FEATURE:1cxx_reference_qualified_functions
    Feature record: CXX_FEATURE:1cxx_relaxed_constexpr
    Feature record: CXX_FEATURE:1cxx_return_type_deduction
    Feature record: CXX_FEATURE:1cxx_right_angle_brackets
    Feature record: CXX_FEATURE:1cxx_rvalue_references
    Feature record: CXX_FEATURE:1cxx_sizeof_member
    Feature record: CXX_FEATURE:1cxx_static_assert
    Feature record: CXX_FEATURE:1cxx_strong_enums
    Feature record: CXX_FEATURE:1cxx_template_template_parameters
    Feature record: CXX_FEATURE:1cxx_thread_local
    Feature record: CXX_FEATURE:1cxx_trailing_return_types
    Feature record: CXX_FEATURE:1cxx_unicode_literals
    Feature record: CXX_FEATURE:1cxx_uniform_initialization
    Feature record: CXX_FEATURE:1cxx_unrestricted_unions
    Feature record: CXX_FEATURE:1cxx_user_literals
    Feature record: CXX_FEATURE:1cxx_variable_templates
    Feature record: CXX_FEATURE:1cxx_variadic_macros
    Feature record: CXX_FEATURE:1cxx_variadic_templates


Detecting CXX [-std=c++17] compiler features compiled with the following output:
Change Dir: /nashome/s/smanthey/standalone/PDS_VD/vdriftXe/vdrift_build/CMakeFiles/CMakeTmp

Run Build Command:"/usr/bin/gmake" "cmTC_14ffc/fast"
/usr/bin/gmake -f CMakeFiles/cmTC_14ffc.dir/build.make CMakeFiles/cmTC_14ffc.dir/build
gmake[1]: se ingresa al directorio `/nashome/s/smanthey/standalone/PDS_VD/vdriftXe/vdrift_build/CMakeFiles/CMakeTmp'
Building CXX object CMakeFiles/cmTC_14ffc.dir/feature_tests.cxx.o
/cvmfs/larsoft.opensciencegrid.org/products/gcc/v9_3_0/Linux64bit+3.10-2.17/bin/c++    -std=c++17 -o CMakeFiles/cmTC_14ffc.dir/feature_tests.cxx.o -c /nashome/s/smanthey/standalone/PDS_VD/vdriftXe/vdrift_build/CMakeFiles/feature_tests.cxx
Linking CXX executable cmTC_14ffc
/cvmfs/larsoft.opensciencegrid.org/products/cmake/v3_13_1/Linux64bit+3.10-2.17/bin/cmake -E cmake_link_script CMakeFiles/cmTC_14ffc.dir/link.txt --verbose=1
/cvmfs/larsoft.opensciencegrid.org/products/gcc/v9_3_0/Linux64bit+3.10-2.17/bin/c++       -rdynamic CMakeFiles/cmTC_14ffc.dir/feature_tests.cxx.o  -o cmTC_14ffc 
gmake[1]: se sale del directorio `/nashome/s/smanthey/standalone/PDS_VD/vdriftXe/vdrift_build/CMakeFiles/CMakeTmp'


    Feature record: CXX_FEATURE:1cxx_aggregate_default_initializers
    Feature record: CXX_FEATURE:1cxx_alias_templates
    Feature record: CXX_FEATURE:1cxx_alignas
    Feature record: CXX_FEATURE:1cxx_alignof
    Feature record: CXX_FEATURE:1cxx_attributes
    Feature record: CXX_FEATURE:1cxx_attribute_deprecated
    Feature record: CXX_FEATURE:1cxx_auto_type
    Feature record: CXX_FEATURE:1cxx_binary_literals
    Feature record: CXX_FEATURE:1cxx_constexpr
    Feature record: CXX_FEATURE:1cxx_contextual_conversions
    Feature record: CXX_FEATURE:1cxx_decltype
    Feature record: CXX_FEATURE:1cxx_decltype_auto
    Feature record: CXX_FEATURE:1cxx_decltype_incomplete_return_types
    Feature record: CXX_FEATURE:1cxx_default_function_template_args
    Feature record: CXX_FEATURE:1cxx_defaulted_functions
    Feature record: CXX_FEATURE:1cxx_defaulted_move_initializers
    Feature record: CXX_FEATURE:1cxx_delegating_constructors
    Feature record: CXX_FEATURE:1cxx_deleted_functions
    Feature record: CXX_FEATURE:1cxx_digit_separators
    Feature record: CXX_FEATURE:1cxx_enum_forward_declarations
    Feature record: CXX_FEATURE:1cxx_explicit_conversions
    Feature record: CXX_FEATURE:1cxx_extended_friend_declarations
    Feature record: CXX_FEATURE:1cxx_extern_templates
    Feature record: CXX_FEATURE:1cxx_final
    Feature record: CXX_FEATURE:1cxx_func_identifier
    Feature record: CXX_FEATURE:1cxx_generalized_initializers
    Feature record: CXX_FEATURE:1cxx_generic_lambdas
    Feature record: CXX_FEATURE:1cxx_inheriting_constructors
    Feature record: CXX_FEATURE:1cxx_inline_namespaces
    Feature record: CXX_FEATURE:1cxx_lambdas
    Feature record: CXX_FEATURE:1cxx_lambda_init_captures
    Feature record: CXX_FEATURE:1cxx_local_type_template_args
    Feature record: CXX_FEATURE:1cxx_long_long_type
    Feature record: CXX_FEATURE:1cxx_noexcept
    Feature record: CXX_FEATURE:1cxx_nonstatic_member_init
    Feature record: CXX_FEATURE:1cxx_nullptr
    Feature record: CXX_FEATURE:1cxx_override
    Feature record: CXX_FEATURE:1cxx_range_for
    Feature record: CXX_FEATURE:1cxx_raw_string_literals
    Feature record: CXX_FEATURE:1cxx_reference_qualified_functions
    Feature record: CXX_FEATURE:1cxx_relaxed_constexpr
    Feature record: CXX_FEATURE:1cxx_return_type_deduction
    Feature record: CXX_FEATURE:1cxx_right_angle_brackets
    Feature record: CXX_FEATURE:1cxx_rvalue_references
    Feature record: CXX_FEATURE:1cxx_sizeof_member
    Feature record: CXX_FEATURE:1cxx_static_assert
    Feature record: CXX_FEATURE:1cxx_strong_enums
    Feature record: CXX_FEATURE:1cxx_template_template_parameters
    Feature record: CXX_FEATURE:1cxx_thread_local
    Feature record: CXX_FEATURE:1cxx_trailing_return_types
    Feature record: CXX_FEATURE:1cxx_unicode_literals
    Feature record: CXX_FEATURE:1cxx_uniform_initialization
    Feature record: CXX_FEATURE:1cxx_unrestricted_unions
    Feature record: CXX_FEATURE:1cxx_user_literals
    Feature record: CXX_FEATURE:1cxx_variable_templates
    Feature record: CXX_FEATURE:1cxx_variadic_macros
    Feature record: CXX_FEATURE:1cxx_variadic_templates


Detecting CXX [-std=c++14] compiler features compiled with the following output:
Change Dir: /nashome/s/smanthey/standalone/PDS_VD/vdriftXe/vdrift_build/CMakeFiles/CMakeTmp

Run Build Command:"/usr/bin/gmake" "cmTC_bee1e/fast"
/usr/bin/gmake -f CMakeFiles/cmTC_bee1e.dir/build.make CMakeFiles/cmTC_bee1e.dir/build
gmake[1]: se ingresa al directorio `/nashome/s/smanthey/standalone/PDS_VD/vdriftXe/vdrift_build/CMakeFiles/CMakeTmp'
Building CXX object CMakeFiles/cmTC_bee1e.dir/feature_tests.cxx.o
/cvmfs/larsoft.opensciencegrid.org/products/gcc/v9_3_0/Linux64bit+3.10-2.17/bin/c++    -std=c++14 -o CMakeFiles/cmTC_bee1e.dir/feature_tests.cxx.o -c /nashome/s/smanthey/standalone/PDS_VD/vdriftXe/vdrift_build/CMakeFiles/feature_tests.cxx
Linking CXX executable cmTC_bee1e
/cvmfs/larsoft.opensciencegrid.org/products/cmake/v3_13_1/Linux64bit+3.10-2.17/bin/cmake -E cmake_link_script CMakeFiles/cmTC_bee1e.dir/link.txt --verbose=1
/cvmfs/larsoft.opensciencegrid.org/products/gcc/v9_3_0/Linux64bit+3.10-2.17/bin/c++       -rdynamic CMakeFiles/cmTC_bee1e.dir/feature_tests.cxx.o  -o cmTC_bee1e 
gmake[1]: se sale del directorio `/nashome/s/smanthey/standalone/PDS_VD/vdriftXe/vdrift_build/CMakeFiles/CMakeTmp'


    Feature record: CXX_FEATURE:1cxx_aggregate_default_initializers
    Feature record: CXX_FEATURE:1cxx_alias_templates
    Feature record: CXX_FEATURE:1cxx_alignas
    Feature record: CXX_FEATURE:1cxx_alignof
    Feature record: CXX_FEATURE:1cxx_attributes
    Feature record: CXX_FEATURE:1cxx_attribute_deprecated
    Feature record: CXX_FEATURE:1cxx_auto_type
    Feature record: CXX_FEATURE:1cxx_binary_literals
    Feature record: CXX_FEATURE:1cxx_constexpr
    Feature record: CXX_FEATURE:1cxx_contextual_conversions
    Feature record: CXX_FEATURE:1cxx_decltype
    Feature record: CXX_FEATURE:1cxx_decltype_auto
    Feature record: CXX_FEATURE:1cxx_decltype_incomplete_return_types
    Feature record: CXX_FEATURE:1cxx_default_function_template_args
    Feature record: CXX_FEATURE:1cxx_defaulted_functions
    Feature record: CXX_FEATURE:1cxx_defaulted_move_initializers
    Feature record: CXX_FEATURE:1cxx_delegating_constructors
    Feature record: CXX_FEATURE:1cxx_deleted_functions
    Feature record: CXX_FEATURE:1cxx_digit_separators
    Feature record: CXX_FEATURE:1cxx_enum_forward_declarations
    Feature record: CXX_FEATURE:1cxx_explicit_conversions
    Feature record: CXX_FEATURE:1cxx_extended_friend_declarations
    Feature record: CXX_FEATURE:1cxx_extern_templates
    Feature record: CXX_FEATURE:1cxx_final
    Feature record: CXX_FEATURE:1cxx_func_identifier
    Feature record: CXX_FEATURE:1cxx_generalized_initializers
    Feature record: CXX_FEATURE:1cxx_generic_lambdas
    Feature record: CXX_FEATURE:1cxx_inheriting_constructors
    Feature record: CXX_FEATURE:1cxx_inline_namespaces
    Feature record: CXX_FEATURE:1cxx_lambdas
    Feature record: CXX_FEATURE:1cxx_lambda_init_captures
    Feature record: CXX_FEATURE:1cxx_local_type_template_args
    Feature record: CXX_FEATURE:1cxx_long_long_type
    Feature record: CXX_FEATURE:1cxx_noexcept
    Feature record: CXX_FEATURE:1cxx_nonstatic_member_init
    Feature record: CXX_FEATURE:1cxx_nullptr
    Feature record: CXX_FEATURE:1cxx_override
    Feature record: CXX_FEATURE:1cxx_range_for
    Feature record: CXX_FEATURE:1cxx_raw_string_literals
    Feature record: CXX_FEATURE:1cxx_reference_qualified_functions
    Feature record: CXX_FEATURE:1cxx_relaxed_constexpr
    Feature record: CXX_FEATURE:1cxx_return_type_deduction
    Feature record: CXX_FEATURE:1cxx_right_angle_brackets
    Feature record: CXX_FEATURE:1cxx_rvalue_references
    Feature record: CXX_FEATURE:1cxx_sizeof_member
    Feature record: CXX_FEATURE:1cxx_static_assert
    Feature record: CXX_FEATURE:1cxx_strong_enums
    Feature record: CXX_FEATURE:1cxx_template_template_parameters
    Feature record: CXX_FEATURE:1cxx_thread_local
    Feature record: CXX_FEATURE:1cxx_trailing_return_types
    Feature record: CXX_FEATURE:1cxx_unicode_literals
    Feature record: CXX_FEATURE:1cxx_uniform_initialization
    Feature record: CXX_FEATURE:1cxx_unrestricted_unions
    Feature record: CXX_FEATURE:1cxx_user_literals
    Feature record: CXX_FEATURE:1cxx_variable_templates
    Feature record: CXX_FEATURE:1cxx_variadic_macros
    Feature record: CXX_FEATURE:1cxx_variadic_templates


Detecting CXX [-std=c++11] compiler features compiled with the following output:
Change Dir: /nashome/s/smanthey/standalone/PDS_VD/vdriftXe/vdrift_build/CMakeFiles/CMakeTmp

Run Build Command:"/usr/bin/gmake" "cmTC_cbf02/fast"
/usr/bin/gmake -f CMakeFiles/cmTC_cbf02.dir/build.make CMakeFiles/cmTC_cbf02.dir/build
gmake[1]: se ingresa al directorio `/nashome/s/smanthey/standalone/PDS_VD/vdriftXe/vdrift_build/CMakeFiles/CMakeTmp'
Building CXX object CMakeFiles/cmTC_cbf02.dir/feature_tests.cxx.o
/cvmfs/larsoft.opensciencegrid.org/products/gcc/v9_3_0/Linux64bit+3.10-2.17/bin/c++    -std=c++11 -o CMakeFiles/cmTC_cbf02.dir/feature_tests.cxx.o -c /nashome/s/smanthey/standalone/PDS_VD/vdriftXe/vdrift_build/CMakeFiles/feature_tests.cxx
Linking CXX executable cmTC_cbf02
/cvmfs/larsoft.opensciencegrid.org/products/cmake/v3_13_1/Linux64bit+3.10-2.17/bin/cmake -E cmake_link_script CMakeFiles/cmTC_cbf02.dir/link.txt --verbose=1
/cvmfs/larsoft.opensciencegrid.org/products/gcc/v9_3_0/Linux64bit+3.10-2.17/bin/c++       -rdynamic CMakeFiles/cmTC_cbf02.dir/feature_tests.cxx.o  -o cmTC_cbf02 
gmake[1]: se sale del directorio `/nashome/s/smanthey/standalone/PDS_VD/vdriftXe/vdrift_build/CMakeFiles/CMakeTmp'


    Feature record: CXX_FEATURE:0cxx_aggregate_default_initializers
    Feature record: CXX_FEATURE:1cxx_alias_templates
    Feature record: CXX_FEATURE:1cxx_alignas
    Feature record: CXX_FEATURE:1cxx_alignof
    Feature record: CXX_FEATURE:1cxx_attributes
    Feature record: CXX_FEATURE:0cxx_attribute_deprecated
    Feature record: CXX_FEATURE:1cxx_auto_type
    Feature record: CXX_FEATURE:0cxx_binary_literals
    Feature record: CXX_FEATURE:1cxx_constexpr
    Feature record: CXX_FEATURE:0cxx_contextual_conversions
    Feature record: CXX_FEATURE:1cxx_decltype
    Feature record: CXX_FEATURE:0cxx_decltype_auto
    Feature record: CXX_FEATURE:1cxx_decltype_incomplete_return_types
    Feature record: CXX_FEATURE:1cxx_default_function_template_args
    Feature record: CXX_FEATURE:1cxx_defaulted_functions
    Feature record: CXX_FEATURE:1cxx_defaulted_move_initializers
    Feature record: CXX_FEATURE:1cxx_delegating_constructors
    Feature record: CXX_FEATURE:1cxx_deleted_functions
    Feature record: CXX_FEATURE:0cxx_digit_separators
    Feature record: CXX_FEATURE:1cxx_enum_forward_declarations
    Feature record: CXX_FEATURE:1cxx_explicit_conversions
    Feature record: CXX_FEATURE:1cxx_extended_friend_declarations
    Feature record: CXX_FEATURE:1cxx_extern_templates
    Feature record: CXX_FEATURE:1cxx_final
    Feature record: CXX_FEATURE:1cxx_func_identifier
    Feature record: CXX_FEATURE:1cxx_generalized_initializers
    Feature record: CXX_FEATURE:0cxx_generic_lambdas
    Feature record: CXX_FEATURE:1cxx_inheriting_constructors
    Feature record: CXX_FEATURE:1cxx_inline_namespaces
    Feature record: CXX_FEATURE:1cxx_lambdas
    Feature record: CXX_FEATURE:0cxx_lambda_init_captures
    Feature record: CXX_FEATURE:1cxx_local_type_template_args
    Feature record: CXX_FEATURE:1cxx_long_long_type
    Feature record: CXX_FEATURE:1cxx_noexcept
    Feature record: CXX_FEATURE:1cxx_nonstatic_member_init
    Feature record: CXX_FEATURE:1cxx_nullptr
    Feature record: CXX_FEATURE:1cxx_override
    Feature record: CXX_FEATURE:1cxx_range_for
    Feature record: CXX_FEATURE:1cxx_raw_string_literals
    Feature record: CXX_FEATURE:1cxx_reference_qualified_functions
    Feature record: CXX_FEATURE:0cxx_relaxed_constexpr
    Feature record: CXX_FEATURE:0cxx_return_type_deduction
    Feature record: CXX_FEATURE:1cxx_right_angle_brackets
    Feature record: CXX_FEATURE:1cxx_rvalue_references
    Feature record: CXX_FEATURE:1cxx_sizeof_member
    Feature record: CXX_FEATURE:1cxx_static_assert
    Feature record: CXX_FEATURE:1cxx_strong_enums
    Feature record: CXX_FEATURE:1cxx_template_template_parameters
    Feature record: CXX_FEATURE:1cxx_thread_local
    Feature record: CXX_FEATURE:1cxx_trailing_return_types
    Feature record: CXX_FEATURE:1cxx_unicode_literals
    Feature record: CXX_FEATURE:1cxx_uniform_initialization
    Feature record: CXX_FEATURE:1cxx_unrestricted_unions
    Feature record: CXX_FEATURE:1cxx_user_literals
    Feature record: CXX_FEATURE:0cxx_variable_templates
    Feature record: CXX_FEATURE:1cxx_variadic_macros
    Feature record: CXX_FEATURE:1cxx_variadic_templates


Detecting CXX [-std=c++98] compiler features compiled with the following output:
Change Dir: /nashome/s/smanthey/standalone/PDS_VD/vdriftXe/vdrift_build/CMakeFiles/CMakeTmp

Run Build Command:"/usr/bin/gmake" "cmTC_a1230/fast"
/usr/bin/gmake -f CMakeFiles/cmTC_a1230.dir/build.make CMakeFiles/cmTC_a1230.dir/build
gmake[1]: se ingresa al directorio `/nashome/s/smanthey/standalone/PDS_VD/vdriftXe/vdrift_build/CMakeFiles/CMakeTmp'
Building CXX object CMakeFiles/cmTC_a1230.dir/feature_tests.cxx.o
/cvmfs/larsoft.opensciencegrid.org/products/gcc/v9_3_0/Linux64bit+3.10-2.17/bin/c++    -std=c++98 -o CMakeFiles/cmTC_a1230.dir/feature_tests.cxx.o -c /nashome/s/smanthey/standalone/PDS_VD/vdriftXe/vdrift_build/CMakeFiles/feature_tests.cxx
Linking CXX executable cmTC_a1230
/cvmfs/larsoft.opensciencegrid.org/products/cmake/v3_13_1/Linux64bit+3.10-2.17/bin/cmake -E cmake_link_script CMakeFiles/cmTC_a1230.dir/link.txt --verbose=1
/cvmfs/larsoft.opensciencegrid.org/products/gcc/v9_3_0/Linux64bit+3.10-2.17/bin/c++       -rdynamic CMakeFiles/cmTC_a1230.dir/feature_tests.cxx.o  -o cmTC_a1230 
gmake[1]: se sale del directorio `/nashome/s/smanthey/standalone/PDS_VD/vdriftXe/vdrift_build/CMakeFiles/CMakeTmp'


    Feature record: CXX_FEATURE:0cxx_aggregate_default_initializers
    Feature record: CXX_FEATURE:0cxx_alias_templates
    Feature record: CXX_FEATURE:0cxx_alignas
    Feature record: CXX_FEATURE:0cxx_alignof
    Feature record: CXX_FEATURE:0cxx_attributes
    Feature record: CXX_FEATURE:0cxx_attribute_deprecated
    Feature record: CXX_FEATURE:0cxx_auto_type
    Feature record: CXX_FEATURE:0cxx_binary_literals
    Feature record: CXX_FEATURE:0cxx_constexpr
    Feature record: CXX_FEATURE:0cxx_contextual_conversions
    Feature record: CXX_FEATURE:0cxx_decltype
    Feature record: CXX_FEATURE:0cxx_decltype_auto
    Feature record: CXX_FEATURE:0cxx_decltype_incomplete_return_types
    Feature record: CXX_FEATURE:0cxx_default_function_template_args
    Feature record: CXX_FEATURE:0cxx_defaulted_functions
    Feature record: CXX_FEATURE:0cxx_defaulted_move_initializers
    Feature record: CXX_FEATURE:0cxx_delegating_constructors
    Feature record: CXX_FEATURE:0cxx_deleted_functions
    Feature record: CXX_FEATURE:0cxx_digit_separators
    Feature record: CXX_FEATURE:0cxx_enum_forward_declarations
    Feature record: CXX_FEATURE:0cxx_explicit_conversions
    Feature record: CXX_FEATURE:0cxx_extended_friend_declarations
    Feature record: CXX_FEATURE:0cxx_extern_templates
    Feature record: CXX_FEATURE:0cxx_final
    Feature record: CXX_FEATURE:0cxx_func_identifier
    Feature record: CXX_FEATURE:0cxx_generalized_initializers
    Feature record: CXX_FEATURE:0cxx_generic_lambdas
    Feature record: CXX_FEATURE:0cxx_inheriting_constructors
    Feature record: CXX_FEATURE:0cxx_inline_namespaces
    Feature record: CXX_FEATURE:0cxx_lambdas
    Feature record: CXX_FEATURE:0cxx_lambda_init_captures
    Feature record: CXX_FEATURE:0cxx_local_type_template_args
    Feature record: CXX_FEATURE:0cxx_long_long_type
    Feature record: CXX_FEATURE:0cxx_noexcept
    Feature record: CXX_FEATURE:0cxx_nonstatic_member_init
    Feature record: CXX_FEATURE:0cxx_nullptr
    Feature record: CXX_FEATURE:0cxx_override
    Feature record: CXX_FEATURE:0cxx_range_for
    Feature record: CXX_FEATURE:0cxx_raw_string_literals
    Feature record: CXX_FEATURE:0cxx_reference_qualified_functions
    Feature record: CXX_FEATURE:0cxx_relaxed_constexpr
    Feature record: CXX_FEATURE:0cxx_return_type_deduction
    Feature record: CXX_FEATURE:0cxx_right_angle_brackets
    Feature record: CXX_FEATURE:0cxx_rvalue_references
    Feature record: CXX_FEATURE:0cxx_sizeof_member
    Feature record: CXX_FEATURE:0cxx_static_assert
    Feature record: CXX_FEATURE:0cxx_strong_enums
    Feature record: CXX_FEATURE:1cxx_template_template_parameters
    Feature record: CXX_FEATURE:0cxx_thread_local
    Feature record: CXX_FEATURE:0cxx_trailing_return_types
    Feature record: CXX_FEATURE:0cxx_unicode_literals
    Feature record: CXX_FEATURE:0cxx_uniform_initialization
    Feature record: CXX_FEATURE:0cxx_unrestricted_unions
    Feature record: CXX_FEATURE:0cxx_user_literals
    Feature record: CXX_FEATURE:0cxx_variable_templates
    Feature record: CXX_FEATURE:0cxx_variadic_macros
    Feature record: CXX_FEATURE:0cxx_variadic_templates
Determining if the function XOpenDisplay exists in the /usr/lib64/libX11.so;/usr/lib64/libXext.so passed with the following output:
Change Dir: /nashome/s/smanthey/standalone/PDS_VD/vdriftXe/vdrift_build/CMakeFiles/CMakeTmp

Run Build Command:"/usr/bin/gmake" "cmTC_90f33/fast"
/usr/bin/gmake -f CMakeFiles/cmTC_90f33.dir/build.make CMakeFiles/cmTC_90f33.dir/build
gmake[1]: se ingresa al directorio `/nashome/s/smanthey/standalone/PDS_VD/vdriftXe/vdrift_build/CMakeFiles/CMakeTmp'
Building C object CMakeFiles/cmTC_90f33.dir/CheckFunctionExists.c.o
/cvmfs/larsoft.opensciencegrid.org/products/gcc/v9_3_0/Linux64bit+3.10-2.17/bin/cc   -DCHECK_FUNCTION_EXISTS=XOpenDisplay   -o CMakeFiles/cmTC_90f33.dir/CheckFunctionExists.c.o   -c /cvmfs/larsoft.opensciencegrid.org/products/cmake/v3_13_1/Linux64bit+3.10-2.17/share/cmake-3.13/Modules/CheckFunctionExists.c
Linking C executable cmTC_90f33
/cvmfs/larsoft.opensciencegrid.org/products/cmake/v3_13_1/Linux64bit+3.10-2.17/bin/cmake -E cmake_link_script CMakeFiles/cmTC_90f33.dir/link.txt --verbose=1
/cvmfs/larsoft.opensciencegrid.org/products/gcc/v9_3_0/Linux64bit+3.10-2.17/bin/cc  -DCHECK_FUNCTION_EXISTS=XOpenDisplay    CMakeFiles/cmTC_90f33.dir/CheckFunctionExists.c.o  -o cmTC_90f33 /usr/lib64/libX11.so /usr/lib64/libXext.so 
gmake[1]: se sale del directorio `/nashome/s/smanthey/standalone/PDS_VD/vdriftXe/vdrift_build/CMakeFiles/CMakeTmp'


Determining if the function gethostbyname exists passed with the following output:
Change Dir: /nashome/s/smanthey/standalone/PDS_VD/vdriftXe/vdrift_build/CMakeFiles/CMakeTmp

Run Build Command:"/usr/bin/gmake" "cmTC_be1b5/fast"
/usr/bin/gmake -f CMakeFiles/cmTC_be1b5.dir/build.make CMakeFiles/cmTC_be1b5.dir/build
gmake[1]: se ingresa al directorio `/nashome/s/smanthey/standalone/PDS_VD/vdriftXe/vdrift_build/CMakeFiles/CMakeTmp'
Building C object CMakeFiles/cmTC_be1b5.dir/CheckFunctionExists.c.o
/cvmfs/larsoft.opensciencegrid.org/products/gcc/v9_3_0/Linux64bit+3.10-2.17/bin/cc   -DCHECK_FUNCTION_EXISTS=gethostbyname   -o CMakeFiles/cmTC_be1b5.dir/CheckFunctionExists.c.o   -c /cvmfs/larsoft.opensciencegrid.org/products/cmake/v3_13_1/Linux64bit+3.10-2.17/share/cmake-3.13/Modules/CheckFunctionExists.c
Linking C executable cmTC_be1b5
/cvmfs/larsoft.opensciencegrid.org/products/cmake/v3_13_1/Linux64bit+3.10-2.17/bin/cmake -E cmake_link_script CMakeFiles/cmTC_be1b5.dir/link.txt --verbose=1
/cvmfs/larsoft.opensciencegrid.org/products/gcc/v9_3_0/Linux64bit+3.10-2.17/bin/cc  -DCHECK_FUNCTION_EXISTS=gethostbyname    CMakeFiles/cmTC_be1b5.dir/CheckFunctionExists.c.o  -o cmTC_be1b5 
gmake[1]: se sale del directorio `/nashome/s/smanthey/standalone/PDS_VD/vdriftXe/vdrift_build/CMakeFiles/CMakeTmp'


Determining if the function connect exists passed with the following output:
Change Dir: /nashome/s/smanthey/standalone/PDS_VD/vdriftXe/vdrift_build/CMakeFiles/CMakeTmp

Run Build Command:"/usr/bin/gmake" "cmTC_4e3ab/fast"
/usr/bin/gmake -f CMakeFiles/cmTC_4e3ab.dir/build.make CMakeFiles/cmTC_4e3ab.dir/build
gmake[1]: se ingresa al directorio `/nashome/s/smanthey/standalone/PDS_VD/vdriftXe/vdrift_build/CMakeFiles/CMakeTmp'
Building C object CMakeFiles/cmTC_4e3ab.dir/CheckFunctionExists.c.o
/cvmfs/larsoft.opensciencegrid.org/products/gcc/v9_3_0/Linux64bit+3.10-2.17/bin/cc   -DCHECK_FUNCTION_EXISTS=connect   -o CMakeFiles/cmTC_4e3ab.dir/CheckFunctionExists.c.o   -c /cvmfs/larsoft.opensciencegrid.org/products/cmake/v3_13_1/Linux64bit+3.10-2.17/share/cmake-3.13/Modules/CheckFunctionExists.c
Linking C executable cmTC_4e3ab
/cvmfs/larsoft.opensciencegrid.org/products/cmake/v3_13_1/Linux64bit+3.10-2.17/bin/cmake -E cmake_link_script CMakeFiles/cmTC_4e3ab.dir/link.txt --verbose=1
/cvmfs/larsoft.opensciencegrid.org/products/gcc/v9_3_0/Linux64bit+3.10-2.17/bin/cc  -DCHECK_FUNCTION_EXISTS=connect    CMakeFiles/cmTC_4e3ab.dir/CheckFunctionExists.c.o  -o cmTC_4e3ab 
gmake[1]: se sale del directorio `/nashome/s/smanthey/standalone/PDS_VD/vdriftXe/vdrift_build/CMakeFiles/CMakeTmp'


Determining if the function remove exists passed with the following output:
Change Dir: /nashome/s/smanthey/standalone/PDS_VD/vdriftXe/vdrift_build/CMakeFiles/CMakeTmp

Run Build Command:"/usr/bin/gmake" "cmTC_fdc6d/fast"
/usr/bin/gmake -f CMakeFiles/cmTC_fdc6d.dir/build.make CMakeFiles/cmTC_fdc6d.dir/build
gmake[1]: se ingresa al directorio `/nashome/s/smanthey/standalone/PDS_VD/vdriftXe/vdrift_build/CMakeFiles/CMakeTmp'
Building C object CMakeFiles/cmTC_fdc6d.dir/CheckFunctionExists.c.o
/cvmfs/larsoft.opensciencegrid.org/products/gcc/v9_3_0/Linux64bit+3.10-2.17/bin/cc   -DCHECK_FUNCTION_EXISTS=remove   -o CMakeFiles/cmTC_fdc6d.dir/CheckFunctionExists.c.o   -c /cvmfs/larsoft.opensciencegrid.org/products/cmake/v3_13_1/Linux64bit+3.10-2.17/share/cmake-3.13/Modules/CheckFunctionExists.c
Linking C executable cmTC_fdc6d
/cvmfs/larsoft.opensciencegrid.org/products/cmake/v3_13_1/Linux64bit+3.10-2.17/bin/cmake -E cmake_link_script CMakeFiles/cmTC_fdc6d.dir/link.txt --verbose=1
/cvmfs/larsoft.opensciencegrid.org/products/gcc/v9_3_0/Linux64bit+3.10-2.17/bin/cc  -DCHECK_FUNCTION_EXISTS=remove    CMakeFiles/cmTC_fdc6d.dir/CheckFunctionExists.c.o  -o cmTC_fdc6d 
gmake[1]: se sale del directorio `/nashome/s/smanthey/standalone/PDS_VD/vdriftXe/vdrift_build/CMakeFiles/CMakeTmp'


Determining if the function shmat exists passed with the following output:
Change Dir: /nashome/s/smanthey/standalone/PDS_VD/vdriftXe/vdrift_build/CMakeFiles/CMakeTmp

Run Build Command:"/usr/bin/gmake" "cmTC_ba8ca/fast"
/usr/bin/gmake -f CMakeFiles/cmTC_ba8ca.dir/build.make CMakeFiles/cmTC_ba8ca.dir/build
gmake[1]: se ingresa al directorio `/nashome/s/smanthey/standalone/PDS_VD/vdriftXe/vdrift_build/CMakeFiles/CMakeTmp'
Building C object CMakeFiles/cmTC_ba8ca.dir/CheckFunctionExists.c.o
/cvmfs/larsoft.opensciencegrid.org/products/gcc/v9_3_0/Linux64bit+3.10-2.17/bin/cc   -DCHECK_FUNCTION_EXISTS=shmat   -o CMakeFiles/cmTC_ba8ca.dir/CheckFunctionExists.c.o   -c /cvmfs/larsoft.opensciencegrid.org/products/cmake/v3_13_1/Linux64bit+3.10-2.17/share/cmake-3.13/Modules/CheckFunctionExists.c
Linking C executable cmTC_ba8ca
/cvmfs/larsoft.opensciencegrid.org/products/cmake/v3_13_1/Linux64bit+3.10-2.17/bin/cmake -E cmake_link_script CMakeFiles/cmTC_ba8ca.dir/link.txt --verbose=1
/cvmfs/larsoft.opensciencegrid.org/products/gcc/v9_3_0/Linux64bit+3.10-2.17/bin/cc  -DCHECK_FUNCTION_EXISTS=shmat    CMakeFiles/cmTC_ba8ca.dir/CheckFunctionExists.c.o  -o cmTC_ba8ca 
gmake[1]: se sale del directorio `/nashome/s/smanthey/standalone/PDS_VD/vdriftXe/vdrift_build/CMakeFiles/CMakeTmp'


Determining if the function IceConnectionNumber exists in the ICE passed with the following output:
Change Dir: /nashome/s/smanthey/standalone/PDS_VD/vdriftXe/vdrift_build/CMakeFiles/CMakeTmp

Run Build Command:"/usr/bin/gmake" "cmTC_4555c/fast"
/usr/bin/gmake -f CMakeFiles/cmTC_4555c.dir/build.make CMakeFiles/cmTC_4555c.dir/build
gmake[1]: se ingresa al directorio `/nashome/s/smanthey/standalone/PDS_VD/vdriftXe/vdrift_build/CMakeFiles/CMakeTmp'
Building C object CMakeFiles/cmTC_4555c.dir/CheckFunctionExists.c.o
/cvmfs/larsoft.opensciencegrid.org/products/gcc/v9_3_0/Linux64bit+3.10-2.17/bin/cc   -DCHECK_FUNCTION_EXISTS=IceConnectionNumber   -o CMakeFiles/cmTC_4555c.dir/CheckFunctionExists.c.o   -c /cvmfs/larsoft.opensciencegrid.org/products/cmake/v3_13_1/Linux64bit+3.10-2.17/share/cmake-3.13/Modules/CheckFunctionExists.c
Linking C executable cmTC_4555c
/cvmfs/larsoft.opensciencegrid.org/products/cmake/v3_13_1/Linux64bit+3.10-2.17/bin/cmake -E cmake_link_script CMakeFiles/cmTC_4555c.dir/link.txt --verbose=1
/cvmfs/larsoft.opensciencegrid.org/products/gcc/v9_3_0/Linux64bit+3.10-2.17/bin/cc  -DCHECK_FUNCTION_EXISTS=IceConnectionNumber    CMakeFiles/cmTC_4555c.dir/CheckFunctionExists.c.o  -o cmTC_4555c -lICE 
gmake[1]: se sale del directorio `/nashome/s/smanthey/standalone/PDS_VD/vdriftXe/vdrift_build/CMakeFiles/CMakeTmp'


